Start testing: Apr 08 18:34 CEST
----------------------------------------------------------
1/5 Testing: ApproxMVBBTest-ConvexHull
1/5 Test: ApproxMVBBTest-ConvexHull
Command: "/home/flw/master_thesis/automated_labeling/approxmvbb_implementation/approxmvbb_build/tests/ApproxMVBBTest-ConvexHull"
Directory: /home/flw/master_thesis/automated_labeling/approxmvbb_implementation/approxmvbb_build/tests
"ApproxMVBBTest-ConvexHull" start time: Apr 08 18:34 CEST
Output:
----------------------------------------------------------
[==========] Running 15 tests from 1 test suite.
[----------] Global test environment set-up.
[----------] 15 tests from ConvexHullTest
[ RUN      ] ConvexHullTest.PointsRandom10
Seed for this test: 8268155166545631118


Start convexHull test ConvexHullTest-PointsRandom10
Timings: 6.7921e-05 sec for 10 points
End convexHull test ConvexHullTest-PointsRandom10
ConvexHull Points: 7
[       OK ] ConvexHullTest.PointsRandom10 (0 ms)
[ RUN      ] ConvexHullTest.Line4
Seed for this test: 33017057827675403


Start convexHull test ConvexHullTest-Line4
Timings: 1.8575e-05 sec for 5 points
End convexHull test ConvexHullTest-Line4
ConvexHull Points: 3
[       OK ] ConvexHullTest.Line4 (1 ms)
[ RUN      ] ConvexHullTest.Line3
Seed for this test: 33017057827675402


Start convexHull test ConvexHullTest-Line3
Timings: 1.203e-05 sec for 3 points
End convexHull test ConvexHullTest-Line3
ConvexHull Points: 2
[       OK ] ConvexHullTest.Line3 (0 ms)
[ RUN      ] ConvexHullTest.Line_2
Seed for this test: 3334722840595220096


Start convexHull test ConvexHullTest-Line_2
Timings: 8.212e-06 sec for 2 points
End convexHull test ConvexHullTest-Line_2
ConvexHull Points: 2
[       OK ] ConvexHullTest.Line_2 (0 ms)
[ RUN      ] ConvexHullTest.Triangle
Seed for this test: 1712492200439322477


Start convexHull test ConvexHullTest-Triangle
Timings: 9.923e-06 sec for 3 points
End convexHull test ConvexHullTest-Triangle
ConvexHull Points: 3
[       OK ] ConvexHullTest.Triangle (0 ms)
[ RUN      ] ConvexHullTest.Point
Seed for this test: 33017058250048781


Start convexHull test ConvexHullTest-Point
Timings: 3.971e-06 sec for 1 points
End convexHull test ConvexHullTest-Point
ConvexHull Points: 1
[       OK ] ConvexHullTest.Point (0 ms)
[ RUN      ] ConvexHullTest.PointsOnCricle1000
Seed for this test: 173520416499290180


Start convexHull test ConvexHullTest-PointsOnCricle1000
Timings: 0.00341736 sec for 1000 points
End convexHull test ConvexHullTest-PointsOnCricle1000
ConvexHull Points: 1000
[       OK ] ConvexHullTest.PointsOnCricle1000 (7 ms)
[ RUN      ] ConvexHullTest.Points2DRectFail
Seed for this test: 6515478865964072188


Start convexHull test ConvexHullTest-Points2DRectFail
Timings: 5.1524e-05 sec for 18 points
End convexHull test ConvexHullTest-Points2DRectFail
ConvexHull Points: 8
[       OK ] ConvexHullTest.Points2DRectFail (1 ms)
[ RUN      ] ConvexHullTest.PointsBadProjectionFilter
Seed for this test: 14781411365479433938


Start convexHull test ConvexHullTest-PointsBadProjectionFilter
Timings: 0.000112464 sec for 34 points
End convexHull test ConvexHullTest-PointsBadProjectionFilter
ConvexHull Points: 7
[       OK ] ConvexHullTest.PointsBadProjectionFilter (0 ms)
[ RUN      ] ConvexHullTest.PointsBadProjection
Seed for this test: 1644934578523501920


Start convexHull test ConvexHullTest-PointsBadProjection
Timings: 0.002734 sec for 400 points
End convexHull test ConvexHullTest-PointsBadProjection
ConvexHull Points: 14
[       OK ] ConvexHullTest.PointsBadProjection (4 ms)
[ RUN      ] ConvexHullTest.PointsBadProjection2
Seed for this test: 117695767487729426


Start convexHull test ConvexHullTest-PointsBadProjection2
Timings: 0.00270473 sec for 400 points
End convexHull test ConvexHullTest-PointsBadProjection2
ConvexHull Points: 10
[       OK ] ConvexHullTest.PointsBadProjection2 (4 ms)
[ RUN      ] ConvexHullTest.PointsBadProjection3
Seed for this test: 117695767487729427


Start convexHull test ConvexHullTest-PointsBadProjection3
Timings: 0.00208894 sec for 400 points
End convexHull test ConvexHullTest-PointsBadProjection3
ConvexHull Points: 8
[       OK ] ConvexHullTest.PointsBadProjection3 (3 ms)
[ RUN      ] ConvexHullTest.PointsBadProjection4
Seed for this test: 117695767487729428


Start convexHull test ConvexHullTest-PointsBadProjection4
Timings: 4.8405e-05 sec for 16 points
End convexHull test ConvexHullTest-PointsBadProjection4
ConvexHull Points: 7
[       OK ] ConvexHullTest.PointsBadProjection4 (0 ms)
[ RUN      ] ConvexHullTest.PointsBadProjection5
Seed for this test: 117695767487729429


Start convexHull test ConvexHullTest-PointsBadProjection5
Timings: 1.7642e-05 sec for 5 points
End convexHull test ConvexHullTest-PointsBadProjection5
ConvexHull Points: 4
[       OK ] ConvexHullTest.PointsBadProjection5 (1 ms)
[ RUN      ] ConvexHullTest.PointsBadProjection6
Seed for this test: 117695767487729430


Start convexHull test ConvexHullTest-PointsBadProjection6
Timings: 0.00034196 sec for 100 points
End convexHull test ConvexHullTest-PointsBadProjection6
ConvexHull Points: 8
[       OK ] ConvexHullTest.PointsBadProjection6 (0 ms)
[----------] 15 tests from ConvexHullTest (21 ms total)

[----------] Global test environment tear-down
[==========] 15 tests from 1 test suite ran. (21 ms total)
[  PASSED  ] 15 tests.
<end of output>
Test time =   0.02 sec
----------------------------------------------------------
Test Passed.
"ApproxMVBBTest-ConvexHull" end time: Apr 08 18:34 CEST
"ApproxMVBBTest-ConvexHull" time elapsed: 00:00:00
----------------------------------------------------------

2/5 Testing: ApproxMVBBTest-MinAreaRect
2/5 Test: ApproxMVBBTest-MinAreaRect
Command: "/home/flw/master_thesis/automated_labeling/approxmvbb_implementation/approxmvbb_build/tests/ApproxMVBBTest-MinAreaRect"
Directory: /home/flw/master_thesis/automated_labeling/approxmvbb_implementation/approxmvbb_build/tests
"ApproxMVBBTest-MinAreaRect" start time: Apr 08 18:34 CEST
Output:
----------------------------------------------------------
[==========] Running 15 tests from 1 test suite.
[----------] Global test environment set-up.
[----------] 15 tests from MinAreaRectangleTest
[ RUN      ] MinAreaRectangleTest.PointsRandom10
Seed for this test: 8268155166545631118


Start minAreaRectangleTest MinAreaRectangleTest-PointsRandom10
Timings: 0.000158481 sec for 10 points
End minAreaRectangleTest MinAreaRectangleTest-PointsRandom10
[       OK ] MinAreaRectangleTest.PointsRandom10 (1 ms)
[ RUN      ] MinAreaRectangleTest.UnitRectangle
Seed for this test: 3145887740155361016


Start minAreaRectangleTest MinAreaRectangleTest-UnitRectangle
Timings: 6.3811e-05 sec for 4 points
End minAreaRectangleTest MinAreaRectangleTest-UnitRectangle
[       OK ] MinAreaRectangleTest.UnitRectangle (0 ms)
[ RUN      ] MinAreaRectangleTest.TwoPoints
Seed for this test: 6941557839216997262


Start minAreaRectangleTest MinAreaRectangleTest-TwoPoints
Timings: 1.6905e-05 sec for 2 points
End minAreaRectangleTest MinAreaRectangleTest-TwoPoints
[       OK ] MinAreaRectangleTest.TwoPoints (0 ms)
[ RUN      ] MinAreaRectangleTest.AlmostLine
Seed for this test: 16115239211955090151


Start minAreaRectangleTest MinAreaRectangleTest-AlmostLine
Timings: 4.6476e-05 sec for 4 points
End minAreaRectangleTest MinAreaRectangleTest-AlmostLine
[       OK ] MinAreaRectangleTest.AlmostLine (0 ms)
[ RUN      ] MinAreaRectangleTest.Line3
Seed for this test: 33017057827675402


Start minAreaRectangleTest MinAreaRectangleTest-Line3
Timings: 2.1716e-05 sec for 3 points
End minAreaRectangleTest MinAreaRectangleTest-Line3
[       OK ] MinAreaRectangleTest.Line3 (0 ms)
[ RUN      ] MinAreaRectangleTest.Line2
Seed for this test: 33017057827675401


Start minAreaRectangleTest MinAreaRectangleTest-Line2
Timings: 1.4921e-05 sec for 2 points
End minAreaRectangleTest MinAreaRectangleTest-Line2
[       OK ] MinAreaRectangleTest.Line2 (0 ms)
[ RUN      ] MinAreaRectangleTest.Triangle
Seed for this test: 1712492200439322477


Start minAreaRectangleTest MinAreaRectangleTest-Triangle
Timings: 4.2782e-05 sec for 3 points
End minAreaRectangleTest MinAreaRectangleTest-Triangle
[       OK ] MinAreaRectangleTest.Triangle (1 ms)
[ RUN      ] MinAreaRectangleTest.RandomTriangle
Seed for this test: 1126818216110810274


Start minAreaRectangleTest MinAreaRectangleTest-RandomTriangle
Timings: 4.1385e-05 sec for 3 points
End minAreaRectangleTest MinAreaRectangleTest-RandomTriangle
[       OK ] MinAreaRectangleTest.RandomTriangle (0 ms)
[ RUN      ] MinAreaRectangleTest.Point
Seed for this test: 33017058250048781


Start minAreaRectangleTest MinAreaRectangleTest-Point
Timings: 1.2885e-05 sec for 1 points
End minAreaRectangleTest MinAreaRectangleTest-Point
[       OK ] MinAreaRectangleTest.Point (0 ms)
[ RUN      ] MinAreaRectangleTest.PointsOnCricle1000
Seed for this test: 173520416499290180


Start minAreaRectangleTest MinAreaRectangleTest-PointsOnCricle1000
Timings: 0.0391661 sec for 1000 points
End minAreaRectangleTest MinAreaRectangleTest-PointsOnCricle1000
[       OK ] MinAreaRectangleTest.PointsOnCricle1000 (42 ms)
[ RUN      ] MinAreaRectangleTest.NoPoint
Seed for this test: 4765615756334803982


Start minAreaRectangleTest MinAreaRectangleTest-NoPoint
Timings: 5.245e-06 sec for 0 points
End minAreaRectangleTest MinAreaRectangleTest-NoPoint
[       OK ] MinAreaRectangleTest.NoPoint (0 ms)
[ RUN      ] MinAreaRectangleTest.Points2DRectFail
Seed for this test: 6515478865964072188


Start minAreaRectangleTest MinAreaRectangleTest-Points2DRectFail
Timings: 0.000126697 sec for 18 points
End minAreaRectangleTest MinAreaRectangleTest-Points2DRectFail
[       OK ] MinAreaRectangleTest.Points2DRectFail (1 ms)
[ RUN      ] MinAreaRectangleTest.PointsBadProjection
Seed for this test: 1644934578523501920


Start minAreaRectangleTest MinAreaRectangleTest-PointsBadProjection
Timings: 0.00285568 sec for 400 points
End minAreaRectangleTest MinAreaRectangleTest-PointsBadProjection
[       OK ] MinAreaRectangleTest.PointsBadProjection (4 ms)
[ RUN      ] MinAreaRectangleTest.PointsBadProjection2
Seed for this test: 117695767487729426


Start minAreaRectangleTest MinAreaRectangleTest-PointsBadProjection2
Timings: 0.00277398 sec for 400 points
End minAreaRectangleTest MinAreaRectangleTest-PointsBadProjection2
[       OK ] MinAreaRectangleTest.PointsBadProjection2 (4 ms)
[ RUN      ] MinAreaRectangleTest.PointsBadProjection3
Seed for this test: 117695767487729427


Start minAreaRectangleTest MinAreaRectangleTest-PointsBadProjection3
Timings: 0.00190444 sec for 400 points
End minAreaRectangleTest MinAreaRectangleTest-PointsBadProjection3
[       OK ] MinAreaRectangleTest.PointsBadProjection3 (3 ms)
[----------] 15 tests from MinAreaRectangleTest (56 ms total)

[----------] Global test environment tear-down
[==========] 15 tests from 1 test suite ran. (56 ms total)
[  PASSED  ] 15 tests.
<end of output>
Test time =   0.06 sec
----------------------------------------------------------
Test Passed.
"ApproxMVBBTest-MinAreaRect" end time: Apr 08 18:34 CEST
"ApproxMVBBTest-MinAreaRect" time elapsed: 00:00:00
----------------------------------------------------------

3/5 Testing: ApproxMVBBTest-Diameter
3/5 Test: ApproxMVBBTest-Diameter
Command: "/home/flw/master_thesis/automated_labeling/approxmvbb_implementation/approxmvbb_build/tests/ApproxMVBBTest-Diameter"
Directory: /home/flw/master_thesis/automated_labeling/approxmvbb_implementation/approxmvbb_build/tests
"ApproxMVBBTest-Diameter" start time: Apr 08 18:34 CEST
Output:
----------------------------------------------------------
[==========] Running 7 tests from 1 test suite.
[----------] Global test environment set-up.
[----------] 7 tests from DiameterTest
[ RUN      ] DiameterTest.RandomGenerator
Seed for this test: 2986015587296435991
Test: DefaultUniformUIntDistribution
Test: DefaultUniformRealDistribution
Test: DefaultRandomGen
[       OK ] DiameterTest.RandomGenerator (0 ms)
[ RUN      ] DiameterTest.PointsRandom3
Seed for this test: 1908273226768724232


Start diameterTest: DiameterTest-PointsRandom3
p1: 0.430587 0.967649  0.17855
p2: 0.643436 0.641564 0.949009
 l: 0.863275
Timings: 4.3293e-05 sec for 3 points
End diameterTest DiameterTest-PointsRandom3
[       OK ] DiameterTest.PointsRandom3 (0 ms)
[ RUN      ] DiameterTest.PointsRandom500
Seed for this test: 4980188504178961050


Start diameterTest: DiameterTest-PointsRandom500
p1: 0.0251603  0.109116 0.0288054
p2: 0.998386 0.656997 0.995996
 l: 1.47743
Timings: 0.000152343 sec for 500 points
End diameterTest DiameterTest-PointsRandom500
[       OK ] DiameterTest.PointsRandom500 (0 ms)
[ RUN      ] DiameterTest.PointsRandom10000
Seed for this test: 569752133060283878


Start diameterTest: DiameterTest-PointsRandom10000
p1:   0.985153 0.00240328 0.00195416
p2: 0.0572034  0.993785  0.965665
 l: 1.66513
Timings: 0.00173097 sec for 10000 points
End diameterTest DiameterTest-PointsRandom10000
[       OK ] DiameterTest.PointsRandom10000 (7 ms)
[ RUN      ] DiameterTest.UnitCube
Seed for this test: 1712595169826917254


Start diameterTest: DiameterTest-UnitCube
p1: 1 0 1
p2: 0 1 0
 l: 1.73205
Timings: 1.8952e-05 sec for 8 points
End diameterTest DiameterTest-UnitCube
[       OK ] DiameterTest.UnitCube (0 ms)
[ RUN      ] DiameterTest.Plane
Seed for this test: 33017058246876255


Start diameterTest: DiameterTest-Plane
p1: 0.596439 0.255637 0.954933
p2: 0.947143 0.938424 0.591614
 l: 0.849231
Timings: 1.8135e-05 sec for 3 points
End diameterTest DiameterTest-Plane
[       OK ] DiameterTest.Plane (0 ms)
[ RUN      ] DiameterTest.UnitPatches2D
Seed for this test: 3123819619792074929


Start diameterTest: DiameterTest-UnitPatches2D-Nr-0
p1: 0.0572557  0.994471         0
p2:  0.966464 0.0151009         0
 l: 1.33635
Timings: 7.702e-05 sec for 500 points
End diameterTest DiameterTest-UnitPatches2D-Nr-0


Start diameterTest: DiameterTest-UnitPatches2D-Nr-1
p1:   0.977575 0.00327265          0
p2: 0.0472556  0.970265         0
 l: 1.34185
Timings: 8.9966e-05 sec for 500 points
End diameterTest DiameterTest-UnitPatches2D-Nr-1


Start diameterTest: DiameterTest-UnitPatches2D-Nr-2
p1: 0.0189538  0.968012         0
p2:  0.975029 0.0315897         0
 l: 1.33827
Timings: 0.000100073 sec for 500 points
End diameterTest DiameterTest-UnitPatches2D-Nr-2


Start diameterTest: DiameterTest-UnitPatches2D-Nr-3
p1:  0.967631 0.0101629         0
p2: 0.0227854  0.975396         0
 l: 1.35071
Timings: 0.000101297 sec for 500 points
End diameterTest DiameterTest-UnitPatches2D-Nr-3


Start diameterTest: DiameterTest-UnitPatches2D-Nr-4
p1:  0.995551 0.0515078         0
p2: 0.00659832   0.961523          0
 l: 1.34393
Timings: 8.7034e-05 sec for 500 points
End diameterTest DiameterTest-UnitPatches2D-Nr-4


Start diameterTest: DiameterTest-UnitPatches2D-Nr-5
p1:   0.973183 0.00933575          0
p2: 0.0353553  0.978845         0
 l: 1.34888
Timings: 8.6879e-05 sec for 500 points
End diameterTest DiameterTest-UnitPatches2D-Nr-5


Start diameterTest: DiameterTest-UnitPatches2D-Nr-6
p1:   0.98923 0.0137776         0
p2: 0.0448345  0.974752         0
 l: 1.34735
Timings: 8.6254e-05 sec for 500 points
End diameterTest DiameterTest-UnitPatches2D-Nr-6


Start diameterTest: DiameterTest-UnitPatches2D-Nr-7
p1: 0.00733447  0.0128866          0
p2: 0.968988 0.998592        0
 l: 1.3771
Timings: 9.9542e-05 sec for 500 points
End diameterTest DiameterTest-UnitPatches2D-Nr-7


Start diameterTest: DiameterTest-UnitPatches2D-Nr-8
p1:  0.98602 0.980037        0
p2: 0.0308781 0.0401824         0
 l: 1.34001
Timings: 9.969e-05 sec for 500 points
End diameterTest DiameterTest-UnitPatches2D-Nr-8


Start diameterTest: DiameterTest-UnitPatches2D-Nr-9
p1: 0.0173239  0.017634         0
p2: 0.994428 0.995227        0
 l: 1.38218
Timings: 8.9537e-05 sec for 500 points
End diameterTest DiameterTest-UnitPatches2D-Nr-9
[       OK ] DiameterTest.UnitPatches2D (4 ms)
[----------] 7 tests from DiameterTest (11 ms total)

[----------] Global test environment tear-down
[==========] 7 tests from 1 test suite ran. (12 ms total)
[  PASSED  ] 7 tests.
<end of output>
Test time =   0.01 sec
----------------------------------------------------------
Test Passed.
"ApproxMVBBTest-Diameter" end time: Apr 08 18:34 CEST
"ApproxMVBBTest-Diameter" time elapsed: 00:00:00
----------------------------------------------------------

4/5 Testing: ApproxMVBBTest-DiameterOOBB
4/5 Test: ApproxMVBBTest-DiameterOOBB
Command: "/home/flw/master_thesis/automated_labeling/approxmvbb_implementation/approxmvbb_build/tests/ApproxMVBBTest-DiameterOOBB"
Directory: /home/flw/master_thesis/automated_labeling/approxmvbb_implementation/approxmvbb_build/tests
"ApproxMVBBTest-DiameterOOBB" start time: Apr 08 18:34 CEST
Output:
----------------------------------------------------------
[==========] Running 10 tests from 1 test suite.
[----------] Global test environment set-up.
[----------] 10 tests from DiameterOOBBTest
[ RUN      ] DiameterOOBBTest.PointsRandom3
Seed for this test: 1908273226768724232


Start diameterOOBB test DiameterOOBBTest-PointsRandom3
p1: 0.430587 0.967649  0.17855
p2: 0.643436 0.641564 0.949009
 l: 0.863275
estimated 3d diameter: -0.212849  0.326084  -0.77046 eps: 0.001
p1: -1.09792  -0.7895
p2: -0.960715 -0.469742
 l: 0.34795
Timings: 0.00100718 sec for 3 points
End diameterOOBB test DiameterOOBBTest-PointsRandom3
All points in OOBB!
Compare Corners: valid:
0.953321 0.643436 0.953321 0.643436 0.740472 0.430587 0.740472 0.430587
0.798646 0.641564 0.798646 0.641564  1.12473 0.967649  1.12473 0.967649
0.929882 0.949009 0.929882 0.949009 0.159422  0.17855 0.159422  0.17855
and:
0.953321 0.643436 0.953321 0.643436 0.740472 0.430587 0.740472 0.430587
0.798646 0.641564 0.798646 0.641564  1.12473 0.967649  1.12473 0.967649
0.929882 0.949009 0.929882 0.949009 0.159422  0.17855 0.159422  0.17855
/home/flw/master_thesis/automated_labeling/approxmvbb_implementation/approxmvbb_src/ApproxMVBB/additional/tests/files/validation/double/DiameterOOBBTest-PointsRandom3-double-Out.txt
valid minP: 
 -1.15846  0.697642 -0.763284 and 
 -1.15846  0.697642 -0.763284
valid maxP: 
-0.81051 0.697642 0.099991 and 
-0.81051 0.697642 0.099991
valid R_IK: 
-0.890602 -0.382146  -0.24656
-0.451449  0.808403  0.377729
0.0549719  0.447716 -0.892485 and 
-0.890602 -0.382146  -0.24656
-0.451449  0.808403  0.377729
0.0549719  0.447716 -0.892485
Start Sampling test DiameterOOBBTest-PointsRandom3
Sampled Points incides: [ 2, 
0, 1, ]
Timings: 2.0769e-05 sec for 3 points
End Sampling test DiameterOOBBTest-PointsRandom3
[       OK ] DiameterOOBBTest.PointsRandom3 (1 ms)
[ RUN      ] DiameterOOBBTest.PointsRandom500
Seed for this test: 4980188504178961050


Start diameterOOBB test DiameterOOBBTest-PointsRandom500
p1: 0.0251603  0.109116 0.0288054
p2: 0.998386 0.656997 0.995996
 l: 1.47743
estimated 3d diameter: 0.973226 0.547881 0.967191 eps: 0.001
p1: -0.583723  0.250263
p2:  0.581101 -0.582944
 l: 1.43215
Timings: 0.0358942 sec for 500 points
End diameterOOBB test DiameterOOBBTest-PointsRandom500
All points in OOBB!
Compare Corners: valid:
    0.997292  -0.00017425       1.0034   0.00593722      0.99365  -0.00381637     0.999762    0.0022951
-0.000930304    0.0051838     0.995107      1.00122   0.00076779   0.00688189     0.996805      1.00292
    0.996248       0.9999     0.997921      1.00157  -0.00124171   0.00241074  0.000431596   0.00408404
and:
    0.997292  -0.00017425       1.0034   0.00593722      0.99365  -0.00381637     0.999762    0.0022951
-0.000930304    0.0051838     0.995107      1.00122   0.00076779   0.00688189     0.996805      1.00292
    0.996248       0.9999     0.997921      1.00157  -0.00124171   0.00241074  0.000431596   0.00408404
/home/flw/master_thesis/automated_labeling/approxmvbb_implementation/approxmvbb_src/ApproxMVBB/additional/tests/files/validation/double/DiameterOOBBTest-PointsRandom500-double-Out.txt
valid minP: 
 -0.993625 0.00686239  -0.999883 and 
 -0.993625 0.00686239  -0.999883
valid maxP: 
 0.00386729     1.00292 -0.00238507 and 
 0.00386729     1.00292 -0.00238507
valid R_IK: 
  -0.999975  0.00613566 -0.00365126
 0.00612947     0.99998  0.00170235
 0.00366163  0.00167993   -0.999992 and 
  -0.999975  0.00613566 -0.00365126
 0.00612947     0.99998  0.00170235
 0.00366163  0.00167993   -0.999992
Start Sampling test DiameterOOBBTest-PointsRandom500
Sampled Points incides: [ 372, 
136, 447, 171, 314, 394, 47, 481, 125, 363, 37, 355, 240, 489, 22, 158, 375, 368, 260, 256, 308, 461, 202, 99, 429, 188, 73, 24, 205, 422, 356, 
453, 187, 63, 395, 122, 207, 440, 6, 278, 286, 233, 235, 458, 396, 424, 297, 109, 67, 415, 48, 186, 222, 198, 224, 386, 189, 229, 135, 445, 5, 289, 437, 417, 129, 397, 33, 379, 178, 195, 12, 96, 53, 218, 80, 226, 75, 90, 246, 223, 327, 382, 390, 387, 255, 163, 402, 193, 333, 17, 82, 
231, 400, 367, 144, 419, 253, 305, 157, 444, 332, 123, 146, 66, 28, 13, 341, 247, 321, 369, 331, 116, 335, 460, 27, 304, 107, 69, 469, 467, 81, 58, 284, 313, 370, 230, 10, 164, 216, 300, 311, 482, 214, 464, 3, 480, 443, 11, 60, 54, 398, 78, 105, 283, 354, 371, 141, 1, 20, 353, 42, 
40, 9, 145, 199, 276, 448, 29, 113, 43, 266, 227, 64, 269, 77, 290, 89, 108, 438, 56, 103, 298, 349, 494, 477, 340, 104, 137, 138, 293, 280, 350, 248, 301, 346, 416, 273, 320, 411, 23, 152, 71, 498, 446, 441, 488, 408, 212, 319, 101, 88, 425, 423, 98, 376, 159, 174, 491, 150, 483, 449, 
8, 342, 203, 344, 347, 337, 112, 128, 431, 180, 36, 182, 336, 153, 38, 329, 392, 30, 351, 62, 378, 478, 312, 92, 176, 259, 221, 389, 334, 119, 
292, 204, 41, 50, 85, 426, 435, 26, 497, 39, 185, 238, 403, 72, 384, 409, 357, 339, 114, 492, 169, 209, 484, 275, 168, 117, 154, 197, 34, 70, 473, 401, 412, 4, 155, 359, 380, 261, 456, 325, 76, 479, 183, 476, 388, 277, 306, 252, 487, 263, 271, 470, 120, 250, 303, 142, 49, 179, 466, 219, 496, 366, 393, 196, 288, 102, 462, 52, 251, 393, 387, 366, 439, 108, 384, 470, 463, 432, 87, 387, 413, 133, 184, 371, 189, 128, 29, 342, 324, 67, 144, 107, 300, 381, 120, 263, 87, 10, 388, 332, 335, 278, 2, 191, 429, 155, 130, 205, 184, 454, 380, 188, 344, 22, 1, 52, 263, 318, 318, 385, 358, 77, 94, 417, 154, 93, 10, 87, 318, 60, 481, 154, 82, 308, 288, 351, 42, 272, 284, 342, 205, 334, 260, 263, 220, 313, 361, 358, 134, 184, 426, 105, 375, 186, 405, 295, 447, 237, 273, ]
Timings: 0.00154426 sec for 400 points
End Sampling test DiameterOOBBTest-PointsRandom500
[       OK ] DiameterOOBBTest.PointsRandom500 (41 ms)
[ RUN      ] DiameterOOBBTest.PointsRandom10000
Seed for this test: 569752133060283878


Start diameterOOBB test DiameterOOBBTest-PointsRandom10000
p1:   0.985153 0.00240328 0.00195416
p2: 0.0572034  0.993785  0.965665
 l: 1.66513
estimated 3d diameter:   0.92795 -0.991382 -0.963711 eps: 0.001
p1:  0.708504 -0.437224
p2: -0.665564  -1.20216
 l: 1.57264
Timings: 0.714646 sec for 10000 points
End diameterOOBB test DiameterOOBBTest-PointsRandom10000
All points in OOBB!
Compare Corners: valid:
 0.000132914      1.00003 -2.82342e-05     0.999872   6.6171e-05     0.999966 -9.49773e-05     0.999805
    0.999989     0.999827  0.000233293  7.21169e-05     0.999929     0.999768  0.000174191  1.30155e-05
    0.999866     0.999799     0.999925     0.999858  2.81788e-05  -3.8559e-05  8.72861e-05  2.05483e-05
and:
 0.000132914      1.00003 -2.82342e-05     0.999872   6.6171e-05     0.999966 -9.49773e-05     0.999805
    0.999989     0.999827  0.000233293  7.21169e-05     0.999929     0.999768  0.000174191  1.30155e-05
    0.999866     0.999799     0.999925     0.999858  2.81788e-05  -3.8559e-05  8.72861e-05  2.05483e-05
/home/flw/master_thesis/automated_labeling/approxmvbb_implementation/approxmvbb_src/ApproxMVBB/additional/tests/files/validation/double/DiameterOOBBTest-PointsRandom10000-double-Out.txt
valid minP: 
-9.50112e-05    -0.999929    -0.999925 and 
-9.50112e-05    -0.999929    -0.999925
valid maxP: 
    0.999805 -0.000174171   -8.729e-05 and 
    0.999805 -0.000174171   -8.729e-05
valid R_IK: 
           1 -0.000161188 -6.67539e-05
-0.000161192           -1  -5.9111e-05
-6.67444e-05  5.91218e-05           -1 and 
           1 -0.000161188 -6.67539e-05
-0.000161192           -1  -5.9111e-05
-6.67444e-05  5.91218e-05           -1
Start Sampling test DiameterOOBBTest-PointsRandom10000
Sampled Points incides: [ 9182, 
5007, 1193, 483, 9687, 4709, 8574, 1452, 1816, 815, 5661, 209, 8065, 751, 2064, 6710, 1789, 4895, 9958, 7574, 5790, 4500, 5533, 8538, 4086, 8325, 3456, 2528, 7634, 9530, 336, 
4168, 4179, 8662, 2658, 5409, 5133, 5572, 1961, 519, 8529, 9257, 9390, 3061, 2001, 9232, 4199, 7784, 9681, 3704, 4891, 1300, 3062, 5418, 5463, 6715, 3192, 5969, 9297, 5644, 4730, 
2811, 6212, 2458, 7702, 2595, 4440, 2873, 1620, 7371, 146, 6244, 2297, 2906, 466, 5506, 2044, 3283, 5777, 5307, 2167, 6105, 2561, 3980, 7610, 736, 4423, 4228, 6353, 1025, 6880, 
2398, 7537, 1159, 9137, 2575, 1079, 7009, 9193, 4198, 2828, 8869, 977, 8211, 3953, 4756, 6085, 2157, 9332, 4317, 816, 370, 3436, 2708, 7374, 9014, 2558, 2688, 8080, 127, 5165, 
5551, 5029, 8798, 5568, 3188, 9824, 3648, 418, 8156, 9682, 9569, 3994, 6565, 6114, 4061, 4835, 4037, 6279, 7775, 1778, 8096, 5438, 847, 1959, 695, 7962, 5841, 4839, 2566, 2002, 
9603, 7645, 8928, 3574, 4723, 8099, 412, 7473, 7926, 7041, 324, 588, 2108, 7945, 3273, 9851, 6999, 4049, 7071, 3827, 5485, 5091, 3542, 9779, 8480, 493, 4248, 9800, 8192, 1857, 
4981, 3000, 7236, 8932, 9479, 5574, 3962, 2393, 8252, 6452, 7081, 7209, 9060, 4654, 4892, 1976, 9584, 4096, 6914, 4362, 778, 426, 1505, 3067, 8871, 1049, 5384, 197, 2823, 3087, 
6904, 1390, 7020, 4404, 3412, 317, 6779, 5132, 9917, 3399, 2320, 8106, 2948, 9622, 785, 3495, 9072, 3015, 8133, 7994, 4328, 8691, 6087, 3189, 3666, 5347, 9657, 6049, 4974, 8071, 
4737, 8966, 5135, 9900, 9630, 4945, 2045, 4932, 8606, 1371, 600, 8763, 3078, 7458, 7601, 29, 6010, 5752, 8060, 5866, 5468, 8302, 3138, 7127, 5952, 6130, 626, 5846, 2436, 8330, 
3991, 7546, 1009, 3938, 1924, 7931, 9663, 9282, 5878, 6893, 790, 4591, 2306, 332, 7481, 5125, 6026, 7022, 8658, 3334, 4032, 9585, 435, 6864, 1358, 2187, 8631, 9919, 1368, 2750, 
4747, 7921, 9004, 5649, 992, 4280, 8334, 2829, 611, 9597, 2260, 998, 8564, 3981, 3729, 9093, 7153, 4343, 120, 2092, 9828, 9284, 3599, 2605, 441, 2459, 8128, 8527, 8807, 9507, 
5980, 3519, 2126, 4079, 9344, 894, 1932, 3780, 7971, 4783, 9612, 4979, 379, 5795, 5637, 1661, 4221, 3954, 985, 1292, 2912, 641, 3202, 2038, 7581, 9444, 4867, 9720, 3618, 4609, 
7380, 532, 3148, 3478, 9843, 3278, 8622, 1543, 492, 631, 6910, 401, 1900, 3325, 7218, 8205, 4823, 9042, 2920, 2675, 9727, 6474, 2292, 4074, 8057, 7271, 9662, 3641, 9666, 6233, 
1679, 7881, 7760, 7349, 8816, 2178, 7698, 9423, 9287, ]
Timings: 0.0264668 sec for 400 points
End Sampling test DiameterOOBBTest-PointsRandom10000
[       OK ] DiameterOOBBTest.PointsRandom10000 (802 ms)
[ RUN      ] DiameterOOBBTest.UnitCube
Seed for this test: 1712595169826917254


Start diameterOOBB test DiameterOOBBTest-UnitCube
p1: 1 0 1
p2: 0 1 0
 l: 1.73205
estimated 3d diameter:  1 -1  1 eps: 0.001
p1:         0 -0.816497
p2: 1.41421       0
 l: 1.63299
Timings: 0.000250888 sec for 8 points
End diameterOOBB test DiameterOOBBTest-UnitCube
All points in OOBB!
Compare Corners: valid:
      1.5  0.166667       1.5  0.166667  0.833333      -0.5  0.833333      -0.5
      0.9  0.633333      -0.3 -0.566667   1.56667       1.3  0.366667       0.1
     -0.2 -0.733333       0.4 -0.133333   1.13333       0.6   1.73333       1.2
and:
      1.5  0.166667       1.5  0.166667  0.833333      -0.5  0.833333      -0.5
      0.9  0.633333      -0.3 -0.566667   1.56667       1.3  0.366667       0.1
     -0.2 -0.733333       0.4 -0.133333   1.13333       0.6   1.73333       1.2
/home/flw/master_thesis/automated_labeling/approxmvbb_implementation/approxmvbb_src/ApproxMVBB/additional/tests/files/validation/double/DiameterOOBBTest-UnitCube-double-Out.txt
valid minP: 
 -1.46059 -0.894427 -0.408248 and 
 -1.46059 -0.894427 -0.408248
valid maxP: 
   1e-10 0.447214  1.22474 and 
   1e-10 0.447214  1.22474
valid R_IK: 
   -0.912871 -5.55112e-17    -0.408248
   -0.182574    -0.894427     0.408248
   -0.365148     0.447214     0.816497 and 
   -0.912871 -5.55112e-17    -0.408248
   -0.182574    -0.894427     0.408248
   -0.365148     0.447214     0.816497
Start Sampling test DiameterOOBBTest-UnitCube
Sampled Points incides: [ 7, 
1, 5, 5, ]
Timings: 3.3059e-05 sec for 4 points
End Sampling test DiameterOOBBTest-UnitCube
[       OK ] DiameterOOBBTest.UnitCube (1 ms)
[ RUN      ] DiameterOOBBTest.PointsSimulation
Seed for this test: 6117173540645599821
Applied Transformation


Start diameterOOBB test DiameterOOBBTest-PointsSimulation
p1: -0.250616    2.4831   4.89245
p2:   3.52323 -0.417801  -1.62345
 l: 8.06933
estimated 3d diameter: -3.77385   2.9009   6.5159 eps: 0.001
p1:   3.59129 -0.498575
p2: -2.98529 -4.14162
 l: 7.51819
Timings: 0.169761 sec for 2501 points
End diameterOOBB test DiameterOOBBTest-PointsSimulation
All points in OOBB!
Compare Corners: valid:
  2.12734    2.3213  -0.51849 -0.324526   3.55902   3.75299  0.913194   1.10716
  4.84281    3.3764     4.151   2.68459 -0.434536  -1.90095  -1.12634  -2.59275
-0.174859   5.23922 -0.267446   5.14663  -1.65552   3.75855  -1.74811   3.66597
and:
  2.12734    2.3213  -0.51849 -0.324526   3.55902   3.75299  0.913194   1.10716
  4.84281    3.3764     4.151   2.68459 -0.434536  -1.90095  -1.12634  -2.59275
-0.174859   5.23922 -0.267446   5.14663  -1.65552   3.75855  -1.74811   3.66597
/home/flw/master_thesis/automated_labeling/approxmvbb_implementation/approxmvbb_src/ApproxMVBB/additional/tests/files/validation/double/DiameterOOBBTest-PointsSimulation-double-Out.txt
valid minP: 
-1.36046 -3.27542 -3.92807 and 
-1.36046 -3.27542 -3.92807
valid maxP: 
  4.25204 -0.539074   1.73695 and 
  4.25204 -0.539074   1.73695
valid R_IK: 
 0.0345591  -0.966921   0.252724
 -0.261275  -0.252821  -0.931567
  0.964645 -0.0338363   -0.26137 and 
 0.0345591  -0.966921   0.252724
 -0.261275  -0.252821  -0.931567
  0.964645 -0.0338363   -0.26137
Start Sampling test DiameterOOBBTest-PointsSimulation
Sampled Points incides: [ 800, 
1466, 840, 1481, 880, 1496, 920, 1275, 921, 1276, 960, 1251, 1950, 1216, 1895, 1230, 1695, 1231, 1696, 1246, 2095, 1026, 2280, 1001, 2281, 833, 1468, 804, 1482, 844, 1483, 888, 1498, 884, 1278, 923, 1252, 963, 1253, 1953, 1218, 1954, 1233, 1697, 1247, 1698, 1248, 2097, 1027, 2282, 1002, 2283, 2398, 600, 1410, 640, 1469, 680, 1484, 720, 1499, 760, 1279, 1965, 1254, 1730, 1175, 1875, 1219, 1939, 1234, 2125, 1249, 2315, 1028, 2099, 1029, 2284, 1004, 602, 1412, 603, 1427, 642, 1441, 682, 1432, 721, 1452, 761, 1292, 1966, 1161, 1967, 1162, 1731, 1177, 1876, 1191, 2126, 1201, 2127, 1041, 2316, 1072, 638, 1413, 614, 1404, 654, 1428, 649, 1443, 684, 1453, 724, 1322, 763, 1293, 1968, 1163, 1969, 1178, 1733, 1192, 1878, 1193, 2128, 1203, 2129, 1043, 2318, 1513, 400, 1360, 440, 1414, 480, 1429, 520, 1444, 521, 1434, 560, 1454, 1905, 1294, 1690, 1120, 1640, 1164, 1641, 1179, 2080, 1194, 2260, 1095, 2261, 1204, 2319, 1044, 412, 1362, 403, 1372, 442, 477, 482, 1382, 522, 1392, 523, 1347, 562, 597, 1907, 1112, 1692, 1122, 1921, 1132, 1642, 1141, 2082, 1142, 2262, 1097, 200, 1363, 240, 1289, 280, 1374, 320, 1383, 489, 1393, 360, 1394, 1955, 1348, 1745, 1113, 1775, 1039, 1693, 1123, 2100, 1133, 2285, 1143, 2084, 1098, 2263, 1818, 201, 1311, 241, 1364, 242, 1301, 281, 311, 321, 1384, 361, 1266, 1961, 1349, 1956, 1746, 1114, 1776, 1124, 2101, 1134, 1801, 1016, 2286, 1144, 2329, 
1099, 217, 1313, 203, 1307, 243, 1463, 244, 1302, 283, 1297, 323, 1267, 362, 393, 1957, 1062, 1747, 1057, 1748, 1052, 1777, 1567, 2102, 1047, 2287, 1017, 0, 1325, 40, 
1314, 80, 1309, 120, 1303, 289, 1304, 160, 1299, 1795, 1269, 2000, 1063, 1670, 1085, 1719, 1059, 2075, 1053, 2250, 1048, 2103, 1018, 2288, 1033, 6, 1327, 41, 1316, 42, 
1336, 81, 1337, 121, 1351, 161, 1356, 162, 1076, 1796, 1767, 2001, 1064, 1671, 1214, 2076, 1054, 2277, 1106, 2251, 1049, 1804, 1019, 32, 1328, 4, 38, 43, 1318, 44, 
1338, 83, 1353, 123, 1357, 163, 1358, 1653, 1077, 1798, 1067, 2003, 1068, 1673, 2443, 2077, 1103, 2252, 1107, 2253, 2353, 24, 1329, 69, 1319, 54, 64, 94, 1339, 139, 
1354, 129, 1359, 164, 1078, 1799, 1079, 1789, 1069, 2004, 1089, 1674, 1188, 2079, 1104, 2254, 1109, 1970, 1940, 1837, 2204, 544, 1924, 2356, 2322, 2165, 438, 1942, 2073, 668, 926, 1862, 948, 641, 147, 1716, 1623, 336, 725, ]
Timings: 0.00680725 sec for 400 points
End Sampling test DiameterOOBBTest-PointsSimulation
[       OK ] DiameterOOBBTest.PointsSimulation (196 ms)
[ RUN      ] DiameterOOBBTest.PointsSimulationFailMVBB
Seed for this test: 6251411411435478040
Applied Transformation


Start diameterOOBB test DiameterOOBBTest-PointsSimulationFailMVBB
p1: -3.56417  0.91103  1.48302
p2:   3.32743 -0.714317  -2.38715
 l: 8.06933
estimated 3d diameter: -6.8916 1.62535 3.87017 eps: 0.001
p1: -3.26188 0.638116
p2:   4.10176 -0.878488
 l: 7.51819
Timings: 0.168845 sec for 2501 points
End diameterOOBB test DiameterOOBBTest-PointsSimulationFailMVBB
All points in OOBB!
Compare Corners: valid:
  3.36174   1.06637   3.56293   1.26756  -1.75279  -4.04816   -1.5516  -3.84697
-0.733652  -2.94211   1.69541 -0.513052  0.641199  -1.56726   3.07026    0.8618
 -2.41939   2.26531   -1.1757     3.509  -4.27723  0.407465  -3.03354   1.65115
and:
  1.06637  -4.04816   1.26756  -3.84697   3.36174  -1.75279   3.56293   -1.5516
 -2.94211  -1.56726 -0.513052    0.8618 -0.733652  0.641199   1.69541   3.07026
  2.26531  0.407465     3.509   1.65115  -2.41939  -4.27723   -1.1757  -3.03354
/home/flw/master_thesis/automated_labeling/approxmvbb_implementation/approxmvbb_src/ApproxMVBB/additional/tests/files/validation/double/DiameterOOBBTest-PointsSimulationFailMVBB-double-Out.txt
valid minP: 
-3.07683 -1.50372 -2.44232 and 
-2.44232 -1.50372 -2.58819
valid maxP: 
2.58819 1.23263 3.17019 and 
3.17019 1.23263 3.07683
valid R_IK: 
-0.405184 0.0735268 -0.911274
-0.389842  0.887703  0.244962
 0.826952  0.454507 -0.331019 and 
-0.911274 0.0735268  0.405184
 0.244962  0.887703  0.389842
-0.331019  0.454507 -0.826952
Start Sampling test DiameterOOBBTest-PointsSimulationFailMVBB
Sampled Points incides: [ 1466, 
800, 1468, 833, 1410, 600, 1412, 602, 1413, 638, 1360, 400, 1362, 412, 1363, 200, 1311, 201, 1313, 217, 1325, 0, 1327, 6, 1328, 32, 1481, 840, 1482, 804, 1469, 
640, 1427, 603, 1404, 614, 1414, 440, 1372, 403, 1289, 240, 1364, 241, 1307, 203, 1314, 40, 1316, 41, 38, 4, 1329, 24, 1496, 880, 1483, 844, 1484, 680, 1441, 
642, 1428, 654, 1429, 480, 477, 442, 1374, 280, 1301, 242, 1463, 243, 1309, 80, 1336, 42, 1318, 43, 1319, 69, 1275, 920, 1498, 888, 1499, 720, 1432, 682, 1443, 
649, 1444, 520, 1382, 482, 1383, 320, 311, 281, 1302, 244, 1303, 120, 1337, 81, 1338, 44, 64, 54, 1276, 921, 1278, 884, 1452, 721, 1453, 684, 1434, 521, 1392, 
522, 1393, 489, 1384, 321, 1297, 283, 1304, 289, 1351, 121, 1353, 83, 1339, 94, 1251, 960, 1252, 923, 1279, 760, 1292, 761, 1322, 724, 1454, 560, 1347, 523, 1394, 
360, 1266, 361, 1267, 323, 1299, 160, 1356, 161, 1357, 123, 1354, 139, 1216, 1950, 1253, 963, 1254, 1965, 1161, 1966, 1293, 763, 1294, 1905, 597, 562, 1348, 1955, 1349, 
1961, 393, 362, 1269, 1795, 1076, 162, 1358, 163, 1359, 129, 1230, 1895, 1218, 1953, 1175, 1730, 1162, 1967, 1163, 1968, 1120, 1690, 1112, 1907, 1113, 1745, 1956, 1062, 1957, 1063, 2000, 1767, 1796, 1077, 1653, 1078, 164, 1231, 1695, 1233, 1954, 1219, 1875, 1177, 1731, 1178, 1969, 1164, 1640, 1122, 1692, 1039, 1775, 1114, 1746, 1057, 1747, 1085, 1670, 1064, 2001, 1067, 1798, 1079, 1799, 1246, 1696, 1247, 1697, 1234, 1939, 1191, 1876, 1192, 1733, 1179, 1641, 1132, 1921, 1123, 1693, 1124, 1776, 1052, 1748, 1059, 1719, 1214, 1671, 1068, 2003, 1069, 1789, 1026, 2095, 1248, 1698, 1249, 2125, 1201, 2126, 1193, 1878, 1194, 2080, 1141, 1642, 1133, 2100, 1134, 2101, 1567, 1777, 1053, 2075, 1054, 2076, 2443, 1673, 1089, 2004, 1001, 2280, 1027, 2097, 1028, 2315, 1041, 2127, 1203, 2128, 1095, 2260, 1142, 2082, 1143, 2285, 1016, 1801, 1047, 2102, 1048, 2250, 1106, 2277, 1103, 2077, 1188, 1674, 2281, 1002, 2282, 1029, 2099, 1072, 2316, 1043, 2129, 1204, 2261, 1097, 2262, 1098, 2084, 1144, 2286, 1017, 2287, 1018, 2103, 1049, 2251, 1107, 2252, 1104, 2079, 2398, 2283, 1004, 
2284, 1513, 2318, 1044, 2319, 1818, 2263, 1099, 2329, 1033, 2288, 1019, 1804, 2353, 2253, 1109, 2254, 1970, 1940, 1837, 2204, 544, 1924, 2356, 2322, 2165, 438, 1942, 2073, 668, 926, 1862, 948, 641, 147, 1716, 1623, 336, 725, ]
Timings: 0.00678899 sec for 400 points
End Sampling test DiameterOOBBTest-PointsSimulationFailMVBB
[       OK ] DiameterOOBBTest.PointsSimulationFailMVBB (195 ms)
[ RUN      ] DiameterOOBBTest.Bunny
Seed for this test: 33017056799435983
Applied Transformation


Start diameterOOBB test DiameterOOBBTest-Bunny
p1: 0.799803 0.501442 0.819923
p2: 0.854561  0.31491 0.859239
 l: 0.198339
estimated 3d diameter: -0.0547579   0.186532 -0.0393157 eps: 1
p1: -0.23161 -1.26764
p2: -0.113159  -1.18321
 l: 0.145463
Timings: 2.72813 sec for 35947 points
End diameterOOBB test DiameterOOBBTest-Bunny
All points in OOBB!
Compare Corners: valid:
0.844203 0.750549 0.864978 0.771325  0.93676 0.843107 0.957535 0.863882
0.310455   0.4065 0.409494 0.505539 0.337204 0.433249 0.436243 0.532288
0.864759 0.764291 0.940072 0.839604 0.804051 0.703583 0.879364 0.778896
and:
0.844203 0.750549 0.864978 0.771325  0.93676 0.843107 0.957535 0.863882
0.310455   0.4065 0.409494 0.505539 0.337204 0.433249 0.436243 0.532288
0.864759 0.764291 0.940072 0.839604 0.804051 0.703583 0.879364 0.778896
/home/flw/master_thesis/automated_labeling/approxmvbb_implementation/approxmvbb_src/ApproxMVBB/additional/tests/files/validation/double/DiameterOOBBTest-Bunny-double-Out.txt
valid minP: 
-0.812208  0.899076  0.298076 and 
-0.812208  0.899076  0.298076
valid maxP: 
-0.644609   1.02522  0.411952 and 
-0.644609   1.02522  0.411952
valid R_IK: 
-0.558794  0.164695  0.812788
 0.573065  0.785125  0.234894
-0.599455  0.597038 -0.533104 and 
-0.558794  0.164695  0.812788
 0.573065  0.785125  0.234894
-0.599455  0.597038 -0.533104
Start Sampling test DiameterOOBBTest-Bunny
Sampled Points incides: [ 35401, 
14390, 13003, 14381, 29055, 24935, 27805, 7003, 27446, 22234, 27438, 15111, 27437, 22585, 12612, 22395, 12879, 24564, 12335, 24393, 12508, 25063, 35883, 11220, 11700, 14418, 27710, 25345, 27109, 24807, 26750, 
24758, 26361, 21420, 11479, 23636, 11843, 25428, 27070, 24270, 11667, 26191, 11744, 15718, 11826, 15842, 12237, 15668, 35889, 14675, 35836, 15006, 22081, 22866, 26658, 4381, 30885, 26245, 30894, 28430, 31015, 
21696, 31080, 15905, 11468, 25891, 31648, 25611, 31747, 16590, 31950, 16736, 11654, 16723, 11900, 10365, 33337, 19579, 24776, 15515, 30866, 16347, 30875, 21072, 30883, 25315, 31004, 3473, 31137, 16641, 31338, 
16797, 31639, 17243, 31842, 4066, 31942, 1800, 32143, 5218, 32563, 5077, 7641, 3831, 34072, 16211, 30846, 16354, 30919, 16980, 31047, 9799, 31111, 14848, 31451, 20484, 31533, 3663, 31543, 9413, 31733, 
2942, 31940, 6128, 32041, 3455, 32344, 462, 32797, 4937, 7638, 84, 31027, 1639, 31092, 3398, 31503, 465, 31694, 21061, 31803, 6149, 31814, 1185, 32227, 1659, 302, 9528, 32335, 16256, 32441, 
6009, 32789, 14977, 33226, 14845, 7860, 8576, 29387, 30469, 31347, 19276, 31348, 1411, 31890, 947, 32100, 20578, 32208, 17988, 32422, 4499, 32329, 14740, 32769, 15162, 32777, 6988, 32892, 16627, 33322, 
5055, 7964, 9448, 9606, 8958, 31757, 12481, 31666, 17105, 32082, 2630, 32394, 14981, 32507, 14858, 32739, 349, 32860, 15307, 32978, 2015, 33093, 17175, 33312, 15825, 33424, 15183, 11491, 6121, 8182, 
6496, 10537, 10570, 31862, 2518, 32072, 22838, 32282, 16847, 32499, 16795, 32840, 14321, 33056, 14697, 33281, 15424, 33632, 15818, 33902, 1833, 33779, 1620, 33918, 3173, 6955, 6734, 8495, 5709, 32365, 
19979, 32479, 10482, 32593, 14614, 20543, 1850, 33159, 14895, 33374, 15794, 33883, 16049, 34162, 2759, 34173, 3440, 34320, 6714, 34460, 5689, 7938, 14526, 9810, 4631, 32812, 4521, 33042, 23230, 33259, 
14620, 33855, 15561, 33731, 14815, 34418, 15044, 34565, 14654, 34703, 6569, 34713, 5935, 34714, 19268, 887, 5282, 1946, 4887, 22321, 16303, 29418, 22163, 33718, 14586, 33990, 16398, 34273, 14613, 34556, 
16360, 34821, 10504, 34958, 4449, 35091, 19090, 1928, 18795, 34223, 10116, 34391, 15729, 34665, 19273, 34931, 2627, 34933, 1053, 35335, 17832, 34495, 17833, 35040, 20104, 35178, 18469, 35311, 19314, 11263, 
4929, 28332, 27898, 26420, 31693, 7832, 27677, 33877, 33388, 31139, 6303, 27930, 29809, 9618, 13317, 26774, 13631, 9227, 2125, 24683, 23345, 4840, 10433, 7751, 21682, 27469, 8691, 19007, 6291, 738, 27955, 23952, 24164, 20041, 168, 13803, 30929, 11202, 9421, 14798, 13297, 32762, 27433, 13553, 24782, 1605, 108, 3770, 18963, 22961, 22920, 27774, 25842, 5556, 6773, 30055, 11135, 6747, 763, 6299, 22917, 4371, 34650, 11135, 5951, 22198, 20810, 25325, 3088, ]
Timings: 0.0945114 sec for 400 points
End Sampling test DiameterOOBBTest-Bunny
[       OK ] DiameterOOBBTest.Bunny (2971 ms)
[ RUN      ] DiameterOOBBTest.Plane
Seed for this test: 33017058246876255


Start diameterOOBB test DiameterOOBBTest-Plane
p1: 0.596439 0.255637 0.954933
p2: 0.947143 0.938424 0.591614
 l: 0.849231
estimated 3d diameter: -0.350704 -0.682787   0.36332 eps: 0.001
p1:  0.397084 -0.531556
p2:    0.9631 -0.635256
 l: 0.575437
Timings: 0.000920577 sec for 3 points
End diameterOOBB test DiameterOOBBTest-Plane
All points in OOBB!
Compare Corners: valid:
 0.947143  0.852699  0.947143  0.852699  0.596439  0.501995  0.596439  0.501995
 0.938424  0.710344  0.938424  0.710344  0.255637 0.0275568  0.255637 0.0275568
 0.591614 0.0718182  0.591614 0.0718182  0.954933  0.435138  0.954933  0.435138
and:
 0.947143  0.852699  0.947143  0.852699  0.596439  0.501995  0.596439  0.501995
 0.938424  0.710344  0.938424  0.710344  0.255637 0.0275568  0.255637 0.0275568
 0.591614 0.0718182  0.591614 0.0718182  0.954933  0.435138  0.954933  0.435138
/home/flw/master_thesis/automated_labeling/approxmvbb_implementation/approxmvbb_src/ApproxMVBB/additional/tests/files/validation/double/DiameterOOBBTest-Plane-double-Out.txt
valid minP: 
 -1.06181  0.451295 -0.892532 and 
 -1.06181  0.451295 -0.892532
valid maxP: 
 -0.486375   0.451295 -0.0433015 and 
 -0.486375   0.451295 -0.0433015
valid R_IK: 
-0.164126  0.895836 -0.412967
-0.396359 -0.443252 -0.804007
-0.903306 0.0317246  0.427822 and 
-0.164126  0.895836 -0.412967
-0.396359 -0.443252 -0.804007
-0.903306 0.0317246  0.427822
Start Sampling test DiameterOOBBTest-Plane
Sampled Points incides: [ 1, 
0, ]
Timings: 1.9373e-05 sec for 2 points
End Sampling test DiameterOOBBTest-Plane
[       OK ] DiameterOOBBTest.Plane (1 ms)
[ RUN      ] DiameterOOBBTest.PointClouds
Seed for this test: 4289538290124843527


Start diameterOOBB test DiameterOOBBTest-PointClouds-Nr0
p1: 2.45896 2.78902 1.46695
p2: 0.732368  -2.8059 -2.15966
 l: 6.88741
estimated 3d diameter: 1.72659 5.59491  3.6266 eps: 0.1
p1:  -2.1435 -3.96304
p2:  2.74137 0.770725
 l: 6.80224
Timings: 0.0722612 sec for 2501 points
End diameterOOBB test DiameterOOBBTest-PointClouds-Nr0
All points in OOBB!
Compare Corners: valid:
  3.87397   4.65474  0.990179   1.77095   1.41167   2.19244  -1.47212 -0.691347
 -2.33722   2.02836   -3.0421   1.32347  -1.32425   3.04133  -2.02913   2.33644
  1.34033 -0.103855   -2.3495  -3.79369   3.07122   1.62704 -0.618605  -2.06279
and:
  3.87397   4.65474  0.990179   1.77095   1.41167   2.19244  -1.47212 -0.691347
 -2.33722   2.02836   -3.0421   1.32347  -1.32425   3.04133  -2.02913   2.33644
  1.34033 -0.103855   -2.3495  -3.79369   3.07122   1.62704 -0.618605  -2.06279
/home/flw/master_thesis/automated_labeling/approxmvbb_implementation/approxmvbb_src/ApproxMVBB/additional/tests/files/validation/double/DiameterOOBBTest-PointClouds-Nr0-double-Out.txt
valid minP: 
-1.95416  -3.0554 -3.01869 and 
-1.95416  -3.0554 -3.01869
valid maxP: 
2.70991 1.68041   0.157 and 
2.70991 1.68041   0.157
valid R_IK: 
 0.167401 -0.608932 -0.775357
 0.936002 -0.148841  0.318978
-0.309641 -0.779133  0.545045 and 
 0.167401 -0.608932 -0.775357
 0.936002 -0.148841  0.318978
-0.309641 -0.779133  0.545045
Start Sampling test DiameterOOBBTest-PointClouds-Nr0
Sampled Points incides: [ 295, 
46, 2460, 48, 2461, 2411, 2463, 2412, 2464, 2414, 1962, 1912, 1964, 1914, 1462, 497, 945, 1420, 947, 1422, 1135, 1423, 1136, 1424, 1138, 1224, 290, 41, 2465, 42, 2466, 
2416, 2468, 2417, 2469, 2419, 1967, 1917, 1465, 1918, 1467, 1919, 940, 1425, 941, 1426, 943, 1428, 1131, 1429, 1133, 1279, 1134, 140, 90, 1128, 1153, 1129, 1154, 235, 36, 2470, 37, 2471, 2421, 2472, 2422, 1970, 2424, 1972, 1922, 1973, 485, 1472, 487, 935, 488, 936, 489, 938, 1433, 939, 1434, 1088, 1334, 130, 31, 2475, 32, 2476, 34, 2477, 2427, 2479, 1925, 1977, 1926, 1475, 480, 1476, 481, 1478, 483, 1479, 484, 1120, 1437, 1121, 1439, 1122, 1339, 1124, 1159, 180, 1118, 1029, 1119, 1079, 175, 25, 425, 
27, 2480, 28, 2482, 2432, 2483, 2433, 1982, 2434, 1480, 1933, 1481, 1934, 1483, 477, 1484, 1441, 927, 1442, 929, 1444, 1117, 1394, 120, 20, 420, 22, 2485, 2435, 2487, 
2437, 1985, 1935, 1987, 1936, 1485, 1938, 1486, 471, 1488, 472, 1489, 474, 922, 1447, 1110, 1449, 1112, 1399, 1114, 1024, 1174, 1069, 65, 15, 365, 17, 2490, 2440, 2492, 
2441, 2493, 2443, 1991, 1941, 1993, 1942, 1994, 1944, 1492, 467, 1494, 965, 917, 967, 1105, 968, 1107, 969, 1108, 1019, 10, 310, 11, 2495, 2445, 2496, 2446, 2498, 2448, 1996, 2449, 1495, 1947, 1496, 461, 1497, 462, 910, 464, 912, 962, 913, 963, 1102, 964, 1103, 1209, 1058, 1264, 1099, 1059, 5, 255, 6, 455, 2450, 456, 2451, 2000, 
2453, 2001, 2454, 2002, 1952, 2004, 1450, 1502, 1452, 1504, 1453, 907, 1454, 1095, 958, 1096, 959, 1098, 1214, 250, 1, 450, 2, 451, 4, 452, 2457, 2006, 2459, 2007, 
1957, 2009, 1455, 1507, 1457, 1508, 950, 902, 951, 903, 953, 1091, 954, 1093, 1269, 1970, 1940, 1837, 2204, 544, 1924, 2356, 2322, 2165, 438, 1942, 2073, 668, 926, 1862, 948, 641, 147, 1716, 1623, 336, 725, 539, 1508, 1910, 604, 1321, 437, 51, 1944, 1665, 1680, 1393, 11, 960, 2151, 779, 655, 1029, 924, 2278, 1907, 942, 1723, 111, 7, 262, 1318, 1596, 1594, 1931, 1797, 386, 471, 2090, 774, 469, 53, 438, 1593, 304, 2409, 774, 413, 1543, 1447, 1761, 214, 1363, 1426, 1717, 1031, 1676, 1306, 1319, 1105, 1569, 1809, 1796, 674, 926, 2135, 530, 1880, 932, 2032, 1482, 2241, 1189, 1371, 1666, 295, 1056, 1157, 1447, 1810, 362, 2039, 666, 2360, 596, 1244, 1077, 628, 1681, 1023, 997, 226, 590, 1913, 2129, 670, 2059, 1338, ]
Timings: 0.00680839 sec for 400 points
End Sampling test DiameterOOBBTest-PointClouds-Nr0


Start diameterOOBB test DiameterOOBBTest-PointClouds-Nr1
p1:  2.94235  2.57324 -2.21957
p2: -0.828081   1.05424   4.75112
 l: 8.06933
estimated 3d diameter:  3.77043    1.519 -6.97069 eps: 0.1
p1: 0.819902 -3.75293
p2: -4.8727 1.12156
 l: 7.49442
Timings: 0.0724275 sec for 2501 points
End diameterOOBB test DiameterOOBBTest-PointClouds-Nr1
All points in OOBB!
Compare Corners: valid:
  -1.6025 -0.050809  -3.19395  -1.64225   3.61149   5.16319   2.02005   3.57175
  5.55779   3.27794   2.70418  0.424328    3.3877   1.10785  0.534081  -1.74577
 0.551801   5.55169 -0.255492    4.7444  -2.05586   2.94403  -2.86315   2.13674
and:
  -1.6025 -0.050809  -3.19395  -1.64225   3.61149   5.16319   2.02005   3.57175
  5.55779   3.27794   2.70418  0.424328    3.3877   1.10785  0.534081  -1.74577
 0.551801   5.55169 -0.255492    4.7444  -2.05586   2.94403  -2.86315   2.13674
/home/flw/master_thesis/automated_labeling/approxmvbb_implementation/approxmvbb_src/ApproxMVBB/additional/tests/files/validation/double/DiameterOOBBTest-PointClouds-Nr1-double-Out.txt
valid minP: 
-2.17137 -4.08688 -3.51342 and 
-2.17137 -4.08688 -3.51342
valid maxP: 
  3.53866 -0.721244   2.70711 and 
  3.53866 -0.721244   2.70711
valid R_IK: 
 0.271749 -0.472849  0.838192
-0.399271 -0.847867  -0.34886
 0.875634 -0.239863 -0.419203 and 
 0.271749 -0.472849  0.838192
-0.399271 -0.847867  -0.34886
 0.875634 -0.239863 -0.419203
Start Sampling test DiameterOOBBTest-PointClouds-Nr1
Sampled Points incides: [ 1955, 
1896, 2055, 1891, 2125, 1892, 1886, 1887, 2205, 1882, 2490, 1876, 1330, 1877, 1430, 1272, 1760, 1267, 1501, 1262, 1800, 1263, 1840, 1258, 1251, 1252, 2290, 1897, 2330, 1899, 2370, 
1894, 2185, 1888, 2411, 1889, 2450, 1884, 1350, 1879, 1410, 1273, 1480, 1274, 1481, 1269, 1560, 1264, 1650, 1583, 1827, 1259, 1869, 1254, 520, 1941, 540, 1930, 565, 1931, 590, 
1921, 591, 1912, 615, 1901, 705, 1902, 805, 1317, 1135, 1307, 1175, 1296, 956, 1297, 1215, 1287, 627, 1277, 628, 1844, 505, 1942, 530, 1944, 555, 1933, 580, 1934, 600, 
1924, 606, 1914, 725, 1903, 785, 1904, 855, 1319, 935, 1309, 1161, 1298, 1025, 1299, 1217, 1289, 1244, 1279, 500, 1960, 525, 2060, 550, 2061, 575, 2131, 576, 2174, 601, 
2496, 726, 1335, 786, 2269, 787, 1436, 856, 1506, 936, 1586, 1026, 1587, 1027, 1872, 1204, 1624, 380, 1961, 405, 1964, 430, 2063, 455, 2064, 456, 2134, 480, 2214, 720, 
2498, 1115, 2499, 1155, 1339, 1195, 1439, 971, 1508, 1235, 1509, 997, 1589, 1029, 1874, 375, 1991, 400, 2319, 425, 2343, 450, 2359, 451, 2399, 475, 2439, 1075, 1365, 1077, 
2479, 1116, 1694, 1156, 1734, 1196, 1556, 1236, 1557, 1237, 1647, 1238, 1854, 255, 2021, 280, 1993, 305, 2098, 330, 2167, 331, 2168, 355, 2184, 730, 2273, 795, 2274, 865, 
1368, 895, 1474, 946, 1543, 1010, 1603, 1199, 1559, 1239, 1649, 250, 2310, 275, 1994, 300, 2088, 325, 2099, 326, 2169, 350, 2229, 750, 2471, 760, 2254, 825, 1369, 826, 
1464, 896, 1806, 1011, 1544, 1012, 1604, 1038, 1629, 135, 2311, 160, 2313, 185, 2353, 205, 2392, 304, 2393, 230, 2433, 1070, 2473, 1110, 1687, 753, 1688, 763, 1728, 665, 
1768, 655, 1807, 899, 1808, 1013, 1848, 125, 1986, 150, 2314, 175, 2338, 200, 2354, 201, 2394, 225, 2434, 695, 2419, 685, 2474, 675, 1689, 676, 1729, 666, 1714, 656, 
1769, 657, 1809, 1233, 1849, 10, 21, 128, 1989, 55, 2009, 80, 2044, 178, 2114, 203, 2194, 228, 2154, 765, 2284, 698, 1384, 688, 1419, 678, 1394, 950, 1489, 669, 
1529, 658, 1659, 0, 6, 25, 18, 50, 24, 75, 49, 76, 74, 100, 93, 780, 99, 700, 124, 800, 1064, 801, 1088, 870, 1104, 951, 1144, 952, 1184, 1008, 
1224, 3, 27, 9, 52, 34, 53, 59, 78, 102, 84, 782, 109, 702, 739, 703, 768, 802, 794, 872, 864, 873, 944, 953, 1034, 1970, 1940, 1837, 2204, 544, 1924, 2356, 2322, 2165, 438, 1942, 2073, 668, 926, ]
Timings: 0.00680299 sec for 400 points
End Sampling test DiameterOOBBTest-PointClouds-Nr1


Start diameterOOBB test DiameterOOBBTest-PointClouds-Nr2
p1:  2.45434 -2.16364   2.3716
p2:  1.32323  6.15666 -1.80329
 l: 9.37744
estimated 3d diameter: 1.13111 -8.3203 4.17489 eps: 0.1
p1: 5.29825 -3.2651
p2:  -3.0842 -1.29824
 l: 8.61011
Timings: 0.0721078 sec for 2501 points
End diameterOOBB test DiameterOOBBTest-PointClouds-Nr2
All points in OOBB!
Compare Corners: valid:
 0.883918  0.293973   3.74332   3.15338    1.0522  0.462252    3.9116   3.32165
0.0871001  -2.21367 -0.053884  -2.35465   6.85359   4.55282    6.7126   4.41183
   -4.485   2.23449  -4.28223   2.43726  -2.15336   4.56612  -1.95059   4.76889
and:
 0.883918  0.293973   3.74332   3.15338    1.0522  0.462252    3.9116   3.32165
0.0871001  -2.21367 -0.053884  -2.35465   6.85359   4.55282    6.7126   4.41183
   -4.485   2.23449  -4.28223   2.43726  -2.15336   4.56612  -1.95059   4.76889
/home/flw/master_thesis/automated_labeling/approxmvbb_implementation/approxmvbb_src/ApproxMVBB/additional/tests/files/validation/double/DiameterOOBBTest-PointClouds-Nr2-double-Out.txt
valid minP: 
-4.32988 0.559492 -1.35765 and 
-4.32988 0.559492 -1.35765
valid maxP: 
2.79704 3.42954 5.80128 and 
2.79704 3.42954 5.80128
valid R_IK: 
-0.0827769   0.996291  0.0235062
 -0.322828 -0.0491226   0.945182
  0.942831  0.0706508   0.325697 and 
-0.0827769   0.996291  0.0235062
 -0.322828 -0.0491226   0.945182
  0.942831  0.0706508   0.325697
Start Sampling test DiameterOOBBTest-PointClouds-Nr2
Sampled Points incides: [ 2184, 
2459, 2149, 2458, 2159, 2473, 2224, 2472, 2169, 2487, 944, 2497, 1489, 1662, 1504, 1661, 1579, 21, 1519, 16, 1529, 15, 1534, 10, 1533, 5, 50, 0, 1159, 2134, 1109, 
2348, 1124, 2457, 1134, 2456, 1144, 2471, 954, 2470, 953, 2485, 1488, 2495, 1503, 1660, 1518, 20, 1517, 40, 1527, 60, 1532, 55, 1531, 75, 1108, 1158, 1107, 2132, 1123, 
2346, 1132, 2455, 1142, 2415, 952, 2375, 951, 2330, 1487, 1620, 1501, 145, 1516, 165, 1515, 1290, 1525, 1585, 1530, 175, 1874, 2074, 1884, 2073, 1844, 2072, 1106, 2082, 984, 
2092, 949, 2091, 1394, 2101, 1449, 2100, 1404, 1645, 1414, 195, 1424, 190, 1429, 185, 1428, 180, 326, 200, 889, 1834, 1034, 1953, 1044, 1992, 1054, 2071, 1059, 2070, 1384, 
2080, 1383, 2090, 1393, 2060, 1403, 1640, 1413, 245, 1412, 265, 1422, 285, 1427, 305, 1426, 325, 1033, 1832, 1042, 1911, 1052, 1950, 1051, 1960, 1057, 1890, 1381, 1900, 1391, 
1595, 1390, 1205, 1400, 365, 1410, 360, 376, 355, 400, 350, 1774, 1824, 2234, 1823, 2129, 1822, 899, 1821, 2154, 1820, 964, 2450, 1224, 2465, 1364, 2480, 1484, 2490, 1499, 
370, 1514, 361, 1524, 356, 1523, 352, 1521, 401, 1014, 1783, 1104, 1802, 1119, 1811, 1129, 1810, 1139, 2395, 1138, 2355, 1363, 2315, 1362, 2325, 1482, 495, 1497, 490, 1512, 
510, 1511, 1570, 1520, 1022, 1012, 1761, 1102, 1780, 1116, 2175, 1126, 895, 1125, 930, 1135, 2095, 566, 545, 561, 540, 610, 535, 630, 530, 650, 525, 1734, 1749, 1724, 
1748, 1869, 1747, 1074, 1746, 919, 1745, 1349, 2065, 978, 2075, 1379, 2085, 1389, 2055, 1399, 542, 1409, 533, 1408, 532, 1419, 527, 1416, 651, 999, 1728, 1029, 1732, 1039, 
1731, 1049, 1730, 1048, 1945, 1344, 1915, 1342, 1885, 1377, 1855, 1376, 1195, 1386, 1430, 1396, 710, 705, 725, 700, 997, 1001, 1026, 1816, 1025, 1815, 1036, 2445, 1045, 2460, 2365, 2475, 795, 720, 840, 715, 835, 711, 856, 706, 1286, 701, 1699, 1704, 1674, 1703, 1759, 1702, 1149, 1701, 1148, 1700, 1114, 2462, 1324, 2390, 1329, 723, 1359, 718, 1479, 713, 1494, 708, 1493, 704, 1509, 703, 1507, 1565, 989, 1669, 1009, 1673, 1099, 1676, 1098, 1680, 1113, 1765, 1112, 910, 1111, 2110, 1321, 1330, 1325, 1970, 1940, 1837, 2204, 544, 1924, 2356, 2322, 2165, 438, 1942, 2073, 668, 926, 1862, 948, 641, 147, 1716, 1623, 336, 725, 539, 1508, 1910, 604, 1321, 437, 51, 1944, 1665, 1680, 1393, 11, 960, 2151, 779, 655, 1029, 924, 2278, 1907, ]
Timings: 0.00680457 sec for 400 points
End Sampling test DiameterOOBBTest-PointClouds-Nr2


Start diameterOOBB test DiameterOOBBTest-PointClouds-Nr3
p1: -0.287275 -0.262251   -3.3073
p2:  5.92591 0.090455  3.32962
 l: 9.09817
estimated 3d diameter:  6.21319 0.352705  6.63691 eps: 0.1
p1:  3.25091 -1.82148
p2: -3.73936 -3.86026
 l: 7.28152
Timings: 0.0728051 sec for 2501 points
End diameterOOBB test DiameterOOBBTest-PointClouds-Nr3
All points in OOBB!
Compare Corners: valid:
 0.671836 0.0787663  -1.43021  -2.02328   8.04941   7.45634   5.94737    5.3543
 -4.72617   2.12738  -4.13681   2.71674  -3.19692   3.65664  -2.60756     4.246
 -3.36802  -4.85444  0.188093  -1.29832  0.739458 -0.746956   4.29557   2.80916
and:
 0.671836 0.0787663  -1.43021  -2.02328   8.04941   7.45634   5.94737    5.3543
 -4.72617   2.12738  -4.13681   2.71674  -3.19692   3.65664  -2.60756     4.246
 -3.36802  -4.85444  0.188093  -1.29832  0.739458 -0.746956   4.29557   2.80916
/home/flw/master_thesis/automated_labeling/approxmvbb_implementation/approxmvbb_src/ApproxMVBB/additional/tests/files/validation/double/DiameterOOBBTest-PointClouds-Nr3-double-Out.txt
valid minP: 
-3.94765 -3.87627 -1.87677 and 
-3.94765 -3.87627 -1.87677
valid maxP: 
 3.09028 0.296486  6.70453 and 
 3.09028 0.296486  6.70453
valid R_IK: 
-0.0842676  -0.503754   0.859727
  0.973804    0.14124   0.178208
 -0.211201   0.852223   0.478655 and 
-0.0842676  -0.503754   0.859727
  0.973804    0.14124   0.178208
 -0.211201   0.852223   0.478655
Start Sampling test DiameterOOBBTest-PointClouds-Nr3
Sampled Points incides: [ 1739, 
79, 1754, 84, 1769, 1239, 1684, 89, 1539, 34, 1424, 24, 1869, 503, 1309, 488, 904, 473, 459, 458, 429, 443, 69, 68, 1584, 73, 1593, 1468, 1738, 78, 1752, 
83, 1668, 88, 1899, 33, 1882, 23, 1339, 502, 1884, 487, 1336, 472, 547, 457, 427, 411, 285, 67, 1582, 66, 1014, 71, 1044, 76, 1084, 81, 1079, 86, 1164, 
31, 1209, 21, 1204, 501, 594, 471, 604, 455, 349, 425, 293, 310, 1104, 55, 1074, 60, 1038, 65, 1009, 70, 1119, 80, 1082, 85, 1003, 30, 1004, 20, 1193, 
500, 1232, 485, 602, 367, 347, 356, 295, 300, 90, 975, 101, 979, 106, 1764, 116, 2004, 121, 1664, 126, 1679, 26, 1419, 16, 1434, 396, 1319, 375, 609, 365, 464, 345, 303, 325, 644, 154, 1924, 95, 1734, 100, 1809, 105, 1808, 115, 1989, 120, 1879, 125, 1908, 25, 1909, 15, 1303, 395, 1317, 385, 607, 605, 463, 430, 305, 415, 153, 158, 135, 642, 151, 2019, 146, 1834, 161, 2324, 166, 2284, 171, 2368, 41, 2494, 11, 2204, 516, 2149, 490, 589, 475, 374, 460, 318, 316, 2304, 
140, 2309, 145, 2394, 155, 2319, 160, 2404, 165, 2364, 170, 2369, 40, 2199, 10, 2139, 515, 2148, 505, 588, 585, 364, 360, 320, 350, 679, 678, 185, 728, 195, 2329, 205, 2333, 725, 2294, 216, 2293, 825, 2254, 830, 2252, 6, 1685, 745, 1570, 400, 343, 380, 1340, 370, 332, 188, 186, 1714, 191, 2334, 1935, 1744, 210, 1759, 
215, 1644, 220, 1529, 35, 1399, 5, 1414, 280, 1299, 1280, 499, 915, 484, 465, 405, 435, 739, 259, 1704, 235, 1589, 245, 2409, 255, 1789, 260, 1984, 265, 2012, 
785, 1904, 835, 1574, 810, 1328, 800, 888, 520, 409, 495, 408, 480, 423, 422, 249, 238, 237, 234, 241, 673, 252, 1929, 652, 2013, 654, 1969, 270, 45, 1329, 
0, 898, 275, 437, 424, 243, 239, 244, 2014, 438, 439, 1970, 1940, 1837, 2204, 544, 1924, 2356, 2322, 2165, 438, 1942, 2073, 668, 926, 1862, 948, 641, 147, 1716, 1623, 336, 725, 539, 1508, 1910, 604, 1321, 437, 51, 1944, 1665, 1680, 1393, 11, 960, 2151, 779, 655, 1029, 924, 2278, 1907, 942, 1723, 111, 7, 262, 1318, 1596, 1594, 1931, 1797, 386, 471, 2090, 774, 469, 53, 438, 1593, 304, 2409, 774, 413, 1543, 1447, 1761, 214, 1363, 1426, 1717, 1031, 1676, 1306, 1319, 1105, 1569, 1809, 1796, 674, 926, 2135, 530, 1880, 932, 2032, 1482, 2241, ]
Timings: 0.00681447 sec for 400 points
End Sampling test DiameterOOBBTest-PointClouds-Nr3


Start diameterOOBB test DiameterOOBBTest-PointClouds-Nr4
p1: 0.017705  1.93155   5.4789
p2:   2.57621  -2.93348 -0.282467
 l: 7.9629
estimated 3d diameter: -2.5585 4.86503 5.76136 eps: 0.1
p1:  1.55965 -3.14118
p2:  -4.82164 -0.181544
 l: 7.03422
Timings: 0.0743028 sec for 2501 points
End diameterOOBB test DiameterOOBBTest-PointClouds-Nr4
All points in OOBB!
Compare Corners: valid:
-0.592406  -3.79234   3.46164  0.261705   2.30738 -0.892553   6.36143    3.1615
  3.77119  0.797457   4.54087   1.56714  -1.11253  -4.08626 -0.342848  -3.31658
   5.2597   2.09629  0.435314   -2.7281   6.91732    3.7539   2.09293  -1.07048
and:
-0.592406  -3.79234   3.46164  0.261705   2.30738 -0.892553   6.36143    3.1615
  3.77119  0.797457   4.54087   1.56714  -1.11253  -4.08626 -0.342848  -3.31658
   5.2597   2.09629  0.435314   -2.7281   6.91732    3.7539   2.09293  -1.07048
/home/flw/master_thesis/automated_labeling/approxmvbb_implementation/approxmvbb_src/ApproxMVBB/additional/tests/files/validation/double/DiameterOOBBTest-PointClouds-Nr4-double-Out.txt
valid minP: 
-4.81273 -3.91812 -1.92958 and 
-4.81273 -3.91812 -1.92958
valid maxP: 
0.580776   2.4303  3.98711 and 
0.580776   2.4303  3.98711
valid R_IK: 
-0.593295  0.638592  0.490104
-0.551355   0.12124 -0.825414
-0.586523 -0.759935   0.28016 and 
-0.593295  0.638592  0.490104
-0.551355   0.12124 -0.825414
-0.586523 -0.759935   0.28016
Start Sampling test DiameterOOBBTest-PointClouds-Nr4
Sampled Points incides: [ 909, 
908, 1584, 2224, 2269, 794, 2089, 2474, 2479, 2484, 1269, 1289, 1279, 734, 264, 1844, 1164, 1224, 194, 1964, 907, 719, 269, 2124, 699, 819, 1394, 1719, 479, 453, 2454, 
452, 1147, 1264, 334, 1154, 1153, 789, 263, 733, 262, 884, 193, 1963, 268, 2169, 668, 2259, 244, 1589, 499, 94, 208, 2184, 199, 282, 338, 1709, 994, 69, 333, 
1909, 332, 954, 259, 1843, 21, 1649, 20, 1962, 16, 973, 15, 2114, 10, 1574, 5, 424, 0, 2183, 205, 1253, 187, 1259, 189, 969, 1034, 54, 1033, 1908, 23, 
1829, 22, 59, 1220, 1648, 851, 2179, 190, 2159, 175, 2414, 200, 389, 181, 2174, 185, 1252, 186, 1564, 967, 968, 1204, 1194, 2349, 1193, 1893, 257, 1907, 256, 1539, 275, 49, 265, 2104, 235, 2284, 1237, 1559, 180, 2264, 195, 2309, 1227, 1563, 1299, 1744, 2348, 1827, 1892, 1386, 2294, 255, 1899, 250, 2194, 110, 1689, 240, 1949, 245, 
2263, 170, 2308, 1231, 1549, 1008, 1824, 1879, 2339, 1944, 1734, 1603, 1659, 1385, 1529, 35, 1884, 2085, 2283, 1235, 1544, 2455, 2254, 1993, 2109, 1230, 1548, 1298, 1808, 1878, 
1877, 1864, 1942, 1733, 1370, 2239, 1995, 1883, 2030, 1897, 1390, 1818, 2450, 1316, 2001, 1678, 1225, 1901, 1297, 1599, 1799, 1798, 1814, 2324, 2328, 1863, 1341, 1724, 1680, 2234, 1976, 1882, 1361, 1817, 1635, 1946, 2153, 1315, 1365, 1794, 1303, 1821, 1854, 1853, 1797, 1812, 1789, 1355, 1723, 1550, 2233, 1985, 2380, 1375, 1881, 1347, 1945, 2000, 1320, 1290, 
1793, 1302, 1806, 1852, 1924, 2322, 1788, 1340, 1860, 1975, 1929, 1866, 2379, 1360, 1880, 1990, 1859, 1295, 1870, 1301, 1792, 1918, 1851, 1922, 1787, 1330, 1786, 2231, 2279, 1739, 
1927, 1410, 1935, 2195, 1325, 2286, 1857, 1530, 1729, 1917, 1395, 1916, 1970, 2366, 2095, 2365, 1345, 1926, 1980, 2376, 2285, 1856, 1300, 1855, 1970, 1940, 1837, 2204, 544, 1924, 2356, 2322, 2165, 438, 1942, 2073, 668, 926, 1862, 948, 641, 147, 1716, 1623, 336, 725, 539, 1508, 1910, 604, 1321, 437, 51, 1944, 1665, 1680, 1393, 11, 960, 2151, 779, 655, 1029, 924, 2278, 1907, 942, 1723, 111, 7, 262, 1318, 1596, 1594, 1931, 1797, 386, 471, 2090, 774, 469, 53, 438, 1593, 304, 2409, 774, 413, 1543, 1447, 1761, 214, 1363, 1426, 1717, 1031, 1676, 1306, 1319, 1105, 1569, 1809, 1796, 674, 926, 2135, 530, 1880, 932, 2032, 1482, 2241, 1189, 1371, 1666, 295, 1056, 1157, 1447, 1810, 362, 2039, 666, 2360, 596, 1244, 1077, 628, 1681, ]
Timings: 0.00680878 sec for 400 points
End Sampling test DiameterOOBBTest-PointClouds-Nr4


Start diameterOOBB test DiameterOOBBTest-PointClouds-Nr5
p1:  4.20993 -2.07306 0.180517
p2: -0.361936   3.51734   1.30894
 l: 7.30943
estimated 3d diameter:  4.57186  -5.5904 -1.12842 eps: 0.1
p1: -1.83117 -2.74655
p2:    4.3034 -0.231595
 l: 6.63008
Timings: 0.0729725 sec for 2501 points
End diameterOOBB test DiameterOOBBTest-PointClouds-Nr5
All points in OOBB!
Compare Corners: valid:
  2.32067   6.54134  0.887216   5.10789  -1.14668   3.07399  -2.58013   1.64054
  1.95307     2.518  -2.93172  -2.36679   4.60283   5.16776 -0.281963  0.282967
  5.87681   2.06684   3.56453 -0.245434   2.42858  -1.38138  0.116305  -3.69366
and:
  2.32067   6.54134  0.887216   5.10789  -1.14668   3.07399  -2.58013   1.64054
  1.95307     2.518  -2.93172  -2.36679   4.60283   5.16776 -0.281963  0.282967
  5.87681   2.06684   3.56453 -0.245434   2.42858  -1.38138  0.116305  -3.69366
/home/flw/master_thesis/automated_labeling/approxmvbb_implementation/approxmvbb_src/ApproxMVBB/additional/tests/files/validation/double/DiameterOOBBTest-PointClouds-Nr5-double-Out.txt
valid minP: 
-2.01128 -4.73159 -4.15977 and 
-2.01128 -4.73159 -4.15977
valid maxP: 
3.70266 0.85971 1.40206 and 
3.70266 0.85971 1.40206
valid R_IK: 
 0.738663 -0.256372 -0.623418
0.0988688 -0.873642  0.476418
-0.666785 -0.413549  -0.61998 and 
 0.738663 -0.256372 -0.623418
0.0988688 -0.873642  0.476418
-0.666785 -0.413549  -0.61998
Start Sampling test DiameterOOBBTest-PointClouds-Nr5
Sampled Points incides: [ 214, 
279, 289, 269, 559, 334, 734, 829, 794, 644, 804, 669, 2434, 304, 2379, 34, 2378, 874, 2444, 29, 733, 314, 732, 643, 731, 754, 803, 753, 752, 489, 778, 
779, 1269, 1144, 139, 39, 1790, 2272, 2468, 834, 2376, 2283, 769, 799, 768, 28, 767, 1744, 742, 814, 730, 689, 740, 687, 439, 634, 776, 690, 1324, 1124, 1134, 
1268, 1559, 1795, 894, 2467, 44, 2466, 774, 2430, 684, 357, 683, 356, 682, 766, 813, 765, 679, 826, 594, 800, 729, 775, 694, 1309, 1369, 1123, 1267, 1133, 1800, 
2189, 2455, 2494, 2465, 2493, 1761, 49, 234, 2449, 360, 837, 247, 746, 262, 789, 316, 811, 825, 785, 450, 526, 1308, 1539, 1094, 1368, 1064, 1266, 9, 1367, 2264, 1825, 2263, 238, 749, 1760, 1759, 233, 747, 325, 282, 330, 836, 261, 835, 315, 549, 545, 546, 1254, 1479, 1644, 229, 1649, 1407, 859, 1265, 1734, 1350, 1733, 219, 
1732, 237, 46, 270, 12, 232, 40, 246, 76, 140, 280, 260, 290, 1478, 1534, 1564, 1114, 1305, 1184, 1406, 1499, 242, 1779, 223, 1429, 158, 2, 218, 16, 80, 
11, 250, 111, 245, 25, 1244, 1229, 1634, 1477, 1113, 1563, 1154, 1405, 1647, 227, 1556, 1435, 7, 222, 21, 236, 85, 217, 231, 1243, 1619, 993, 1604, 1562, 1418, 1390, 1182, 1622, 1555, 1520, 841, 1535, 6, 221, 70, 96, 1, 216, 175, 230, 10, 1579, 1242, 1578, 1602, 1561, 1632, 1490, 1589, 1606, 1646, 226, 846, 160, 5, 0, 215, 50, 1241, 990, 1600, 1560, 1234, 1590, 1630, 1605, 1645, 1620, 840, 225, 105, 220, 916, 1224, 1575, 915, 1574, 1970, 1940, 1837, 2204, 544, 1924, 2356, 2322, 2165, 438, 1942, 2073, 668, 926, 1862, 948, 641, 147, 1716, 1623, 336, 725, 539, 1508, 1910, 604, 1321, 437, 51, 1944, 1665, 1680, 1393, 11, 960, 2151, 779, 655, 1029, 924, 2278, 1907, 942, 1723, 111, 7, 262, 1318, 1596, 1594, 1931, 1797, 386, 471, 2090, 774, 469, 53, 438, 1593, 304, 2409, 774, 413, 1543, 1447, 1761, 214, 1363, 1426, 1717, 1031, 1676, 1306, 1319, 1105, 1569, 1809, 1796, 674, 926, 2135, 530, 1880, 932, 2032, 1482, 2241, 1189, 1371, 1666, 295, 1056, 1157, 1447, 1810, 362, 2039, 666, 2360, 596, 1244, 1077, 628, 1681, 1023, 997, 226, 590, 1913, 2129, 670, 2059, 1338, 1715, 2378, 1775, 462, 2135, 1585, 58, 303, 2084, 2136, 1948, 2168, 990, 2031, 1673, 1620, 841, 1020, 1153, 91, 2446, 1137, 344, ]
Timings: 0.00681438 sec for 400 points
End Sampling test DiameterOOBBTest-PointClouds-Nr5


Start diameterOOBB test DiameterOOBBTest-PointClouds-Nr6
p1:   4.45968 -0.818192    1.1336
p2: -1.66476  2.87956  1.12514
 l: 7.15417
estimated 3d diameter:    6.12443   -3.69775 0.00846113 eps: 0.1
p1: -1.19626 -3.46371
p2:   4.30695 -0.928618
 l: 6.05905
Timings: 0.0729413 sec for 2501 points
End diameterOOBB test DiameterOOBBTest-PointClouds-Nr6
All points in OOBB!
Compare Corners: valid:
   2.73493  -0.875916    1.23559   -2.37526    6.43893    2.82809    4.93959    1.32875
   5.25496    2.30726    5.81346    2.86576   0.152254   -2.79544   0.710754   -2.23694
   4.29569    5.16011 -0.0628468   0.801573    2.36764    3.23206   -1.99089   -1.12647
and:
   2.73493  -0.875916    1.23559   -2.37526    6.43893    2.82809    4.93959    1.32875
   5.25496    2.30726    5.81346    2.86576   0.152254   -2.79544   0.710754   -2.23694
   4.29569    5.16011 -0.0628468   0.801573    2.36764    3.23206   -1.99089   -1.12647
/home/flw/master_thesis/automated_labeling/approxmvbb_implementation/approxmvbb_src/ApproxMVBB/additional/tests/files/validation/double/DiameterOOBBTest-PointClouds-Nr6-double-Out.txt
valid minP: 
-4.56728 -4.28363 -3.78653 and 
-4.56728 -4.28363 -3.78653
valid maxP: 
0.173432 0.359293    2.807 and 
0.173432 0.359293    2.807
valid R_IK: 
-0.761667  -0.32293  0.561764
-0.621784  0.120291 -0.773896
  0.18234 -0.938747 -0.292414 and 
-0.761667  -0.32293  0.561764
-0.621784  0.120291 -0.773896
  0.18234 -0.938747 -0.292414
Start Sampling test DiameterOOBBTest-PointClouds-Nr6
Sampled Points incides: [ 2224, 
2034, 499, 1864, 39, 869, 1424, 589, 1789, 534, 2084, 2309, 2033, 2234, 2169, 725, 2043, 643, 38, 1928, 164, 1929, 249, 1419, 1518, 1869, 389, 1834, 629, 2223, 1958, 
2308, 2032, 2469, 59, 2329, 498, 1927, 1101, 1126, 1119, 1239, 248, 1454, 274, 1529, 1848, 614, 1843, 1704, 1788, 539, 533, 2499, 2222, 1955, 2232, 2031, 2479, 513, 2374, 497, 2459, 163, 1237, 124, 1079, 159, 1563, 259, 2289, 1855, 1941, 1304, 1703, 403, 628, 529, 2221, 27, 2383, 2052, 714, 1910, 2449, 36, 1084, 122, 949, 123, 1449, 205, 904, 208, 2068, 328, 2009, 292, 2028, 402, 2029, 1634, 528, 2220, 25, 2306, 441, 719, 496, 2212, 415, 709, 469, 1078, 109, 939, 134, 1453, 210, 2065, 98, 
2079, 405, 2279, 409, 1249, 1264, 1669, 699, 30, 665, 440, 2448, 450, 694, 467, 1083, 131, 937, 426, 1448, 95, 1678, 200, 1024, 201, 2144, 300, 627, 410, 527, 302, 2359, 304, 2434, 33, 2371, 56, 2447, 465, 2361, 466, 936, 425, 683, 260, 684, 250, 1023, 138, 2217, 330, 1719, 460, 1694, 413, 2357, 414, 2433, 199, 359, 2380, 698, 2410, 712, 510, 693, 1010, 704, 125, 1069, 155, 1350, 136, 1022, 137, 1716, 230, 2302, 231, 1444, 505, 1759, 493, 2493, 462, 2494, 464, 609, 2436, 2435, 2420, 2446, 55, 703, 187, 681, 165, 1068, 135, 1345, 270, 1760, 240, 1809, 241, 1814, 243, 1757, 244, 1754, 607, 1709, 696, 2485, 691, 65, 702, 540, 1067, 175, 
1020, 280, 1386, 1059, 1806, 385, 1808, 1822, 1756, 2429, 2452, 1774, 9, 2483, 695, 70, 690, 1070, 1065, 180, 1066, 1445, 1015, 1455, 558, 1435, 1805, 610, 559, 1437, 
19, 535, 2474, 1439, 2369, 2484, 81, 700, 75, 580, 556, 1056, 557, 285, 1440, 2, 390, 6, 2440, 16, 12, 1796, 13, 1797, 14, 1798, 1799, 80, 550, 555, 
185, 0, 1, 5, 10, 11, 15, 1970, 1940, 1837, 2204, 544, 1924, 2356, 2322, 2165, 438, 1942, 2073, 668, 926, 1862, 948, 641, 147, 1716, 1623, 336, 725, 539, 1508, 1910, 604, 1321, 437, 51, 1944, 1665, 1680, 1393, 11, 960, 2151, 779, 655, 1029, 924, 2278, 1907, 942, 1723, 111, 7, 262, 1318, 1596, 1594, 1931, 1797, 386, 471, 2090, 774, 469, 53, 438, 1593, 304, 2409, 774, 413, 1543, 1447, 1761, 214, 1363, 1426, 1717, 1031, 1676, 1306, 1319, 1105, 1569, 1809, 1796, 674, 926, 2135, 530, 1880, 932, 2032, 1482, 2241, 1189, 1371, 1666, 295, ]
Timings: 0.00682117 sec for 400 points
End Sampling test DiameterOOBBTest-PointClouds-Nr6


Start diameterOOBB test DiameterOOBBTest-PointClouds-Nr7
p1:    1.01273    3.92655 -0.0780533
p2:  1.70244 -1.52277   3.8765
 l: 6.76826
estimated 3d diameter: -0.689707   5.44932  -3.95456 eps: 0.1
p1: -0.304469  0.888915
p2: -5.28188 -1.35819
 l: 5.46115
Timings: 0.0723106 sec for 2501 points
End diameterOOBB test DiameterOOBBTest-PointClouds-Nr7
All points in OOBB!
Compare Corners: valid:
 -1.10023  -3.18629   2.60601  0.519948  0.661564   -1.4245   4.36781   2.28175
  -2.3512   1.52548  -1.99416   1.88252   1.97849   5.85517   2.33553   6.21221
  1.78919   4.99919   3.76655   6.97655   -2.2948  0.915197 -0.317438   2.89256
and:
 -1.10023  -3.18629   2.60601  0.519948  0.661564   -1.4245   4.36781   2.28175
  -2.3512   1.52548  -1.99416   1.88252   1.97849   5.85517   2.33553   6.21221
  1.78919   4.99919   3.76655   6.97655   -2.2948  0.915197 -0.317438   2.89256
/home/flw/master_thesis/automated_labeling/approxmvbb_implementation/approxmvbb_src/ApproxMVBB/additional/tests/files/validation/double/DiameterOOBBTest-PointClouds-Nr7-double-Out.txt
valid minP: 
-0.197562 -0.327174   -3.1295 and 
-0.197562 -0.327174   -3.1295
valid maxP: 
5.25077 3.88871 3.07768 and 
5.25077 3.88871 3.07768
valid R_IK: 
 -0.38288  0.879114  0.283832
 0.711535 0.0846892  0.697529
  0.58917  0.469027 -0.657946 and 
 -0.38288  0.879114  0.283832
 0.711535 0.0846892  0.697529
  0.58917  0.469027 -0.657946
Start Sampling test DiameterOOBBTest-PointClouds-Nr7
Sampled Points incides: [ 1694, 
1244, 1249, 904, 334, 604, 2043, 2044, 1594, 2234, 1348, 2224, 1243, 2223, 2022, 314, 254, 2003, 333, 1994, 603, 1984, 359, 1893, 1964, 1892, 339, 1881, 764, 1593, 1934, 1839, 2031, 1794, 1924, 2413, 1589, 313, 1919, 253, 1911, 429, 2009, 239, 1904, 358, 1897, 2244, 1563, 2040, 1886, 1880, 1930, 1838, 1590, 594, 1294, 584, 1588, 729, 1584, 304, 1630, 479, 1908, 478, 1903, 399, 1729, 344, 763, 2140, 1551, 1549, 1744, 1690, 739, 1246, 738, 1292, 649, 1689, 669, 1287, 264, 2008, 263, 1227, 398, 2409, 67, 
1214, 24, 1207, 1699, 1545, 1397, 1544, 1245, 741, 2017, 274, 1686, 272, 2007, 624, 893, 284, 2408, 150, 1218, 23, 1211, 749, 1205, 1204, 789, 319, 1396, 1345, 1543, 
900, 1521, 895, 322, 949, 271, 2006, 270, 940, 600, 2298, 160, 877, 22, 872, 259, 860, 907, 1929, 529, 514, 544, 1395, 2016, 1541, 952, 1134, 947, 1133, 1047, 660, 2407, 236, 1094, 50, 2469, 257, 870, 746, 574, 48, 1927, 49, 829, 659, 2219, 1050, 2015, 951, 760, 2116, 720, 2005, 705, 2307, 586, 2468, 20, 1977, 519, 
2489, 47, 1946, 688, 828, 658, 179, 2218, 1003, 1004, 1150, 950, 730, 2318, 216, 2406, 185, 2467, 235, 1985, 266, 2199, 45, 2189, 298, 1945, 673, 2027, 2248, 2259, 2217, 2216, 1001, 1002, 225, 2115, 326, 2466, 305, 2106, 585, 2107, 265, 2187, 484, 2177, 511, 2067, 614, 804, 2258, 2215, 1000, 2316, 2315, 325, 2465, 315, 2105, 717, 
2195, 765, 2196, 626, 2175, 482, 2176, 613, 2066, 801, 2359, 850, 2485, 716, 2205, 685, 2206, 625, 2095, 655, 2097, 466, 2098, 612, 819, 800, 715, 570, 700, 610, 
611, 465, 402, 404, 1970, 1940, 1837, 2204, 544, 1924, 2356, 2322, 2165, 438, 1942, 2073, 668, 926, 1862, 948, 641, 147, 1716, 1623, 336, 725, 539, 1508, 1910, 604, 1321, 437, 51, 1944, 1665, 1680, 1393, 11, 960, 2151, 779, 655, 1029, 924, 2278, 1907, 942, 1723, 111, 7, 262, 1318, 1596, 1594, 1931, 1797, 386, 471, 2090, 774, 469, 53, 438, 1593, 304, 2409, 774, 413, 1543, 1447, 1761, 214, 1363, 1426, 1717, 1031, 1676, 1306, 1319, 1105, 1569, 1809, 1796, 674, 926, 2135, 530, 1880, 932, 2032, 1482, 2241, 1189, 1371, 1666, 295, 1056, 1157, 1447, 1810, 362, 2039, 666, 2360, 596, 1244, 1077, 628, 1681, 1023, 997, 226, 590, 1913, 2129, 670, 2059, 1338, 1715, 2378, 1775, 462, 2135, 1585, 58, 303, 2084, 2136, 1948, ]
Timings: 0.0067821 sec for 400 points
End Sampling test DiameterOOBBTest-PointClouds-Nr7


Start diameterOOBB test DiameterOOBBTest-PointClouds-Nr8
p1:  1.94579  2.93031 -1.24655
p2: 0.815785 -1.08258  4.16087
 l: 6.82791
estimated 3d diameter:     1.13  4.01289 -5.40742 eps: 0.1
p1:  -5.19372 -0.284672
p2:   0.25801 -0.078713
 l: 5.45562
Timings: 0.0725545 sec for 2501 points
End diameterOOBB test DiameterOOBBTest-PointClouds-Nr8
All points in OOBB!
Compare Corners: valid:
 -1.34448   1.40769  -3.64485 -0.892685   1.91129   4.66345 -0.389084   2.36308
 -2.30098   2.04987   1.12184   5.47269  -1.71501   2.63584    1.7078   6.05865
  1.73935   -2.4996   3.75899 -0.479963   4.45461  0.215659   6.47424    2.2353
and:
 -1.34448   1.40769  -3.64485 -0.892685   1.91129   4.66345 -0.389084   2.36308
 -2.30098   2.04987   1.12184   5.47269  -1.71501   2.63584    1.7078   6.05865
  1.73935   -2.4996   3.75899 -0.479963   4.45461  0.215659   6.47424    2.2353
/home/flw/master_thesis/automated_labeling/approxmvbb_implementation/approxmvbb_src/ApproxMVBB/additional/tests/files/validation/double/DiameterOOBBTest-PointClouds-Nr8-double-Out.txt
valid minP: 
 -3.16165 -0.276604 -0.234315 and 
 -3.16165 -0.276604 -0.234315
valid maxP: 
3.50716 4.31538  4.0454 and 
3.50716 4.31538  4.0454
valid R_IK: 
 0.412692 -0.500954  0.760743
 0.652418  0.745389  0.136916
-0.635638  0.439818  0.634448 and 
 0.412692 -0.500954  0.760743
 0.652418  0.745389  0.136916
-0.635638  0.439818  0.634448
Start Sampling test DiameterOOBBTest-PointClouds-Nr8
Sampled Points incides: [ 324, 
469, 294, 34, 269, 24, 429, 323, 468, 339, 293, 33, 268, 1824, 404, 453, 1809, 424, 2483, 359, 1804, 292, 144, 244, 23, 414, 2149, 1844, 1989, 1914, 1904, 
1822, 1823, 89, 403, 168, 451, 199, 356, 203, 355, 143, 417, 32, 430, 2339, 444, 2249, 1912, 2174, 1903, 2079, 1829, 2006, 1821, 1929, 1819, 1814, 1810, 68, 314, 67, 312, 149, 375, 148, 290, 78, 242, 125, 350, 117, 443, 2335, 1478, 1678, 1835, 2075, 1830, 1559, 1464, 1925, 1815, 344, 320, 66, 310, 65, 253, 99, 240, 52, 295, 115, 1122, 1722, 1475, 1677, 1474, 1599, 1508, 1558, 1461, 1522, 1458, 1449, 1447, 1429, 459, 84, 239, 46, 235, 95, 247, 29, 442, 934, 709, 1675, 1079, 539, 744, 1555, 1069, 1088, 638, 674, 1052, 1428, 458, 83, 340, 30, 259, 38, 441, 27, 222, 933, 706, 1253, 661, 1207, 652, 619, 649, 1086, 643, 673, 1050, 624, 457, 1440, 258, 20, 250, 35, 233, 26, 220, 931, 745, 886, 834, 536, 1879, 799, 645, 755, 642, 633, 629, 456, 257, 256, 81, 485, 70, 440, 16, 
2141, 565, 1906, 551, 2314, 944, 1888, 796, 1867, 623, 1845, 504, 630, 255, 455, 1045, 226, 151, 230, 15, 2140, 42, 1905, 583, 1896, 530, 1899, 520, 2404, 514, 
1990, 507, 2254, 225, 150, 2460, 40, 2321, 576, 2322, 555, 2324, 558, 2041, 498, 1962, 499, 2084, 2253, 2093, 2094, 625, 610, 2400, 605, 2062, 575, 2050, 571, 2441, 497, 2030, 2155, 1983, 2251, 2444, 2092, 2061, 2060, 495, 570, 496, 1980, 2340, 1982, 2250, 2124, 1970, 1940, 1837, 2204, 544, 1924, 2356, 2322, 2165, 438, 1942, 2073, 668, 926, 1862, 948, 641, 147, 1716, 1623, 336, 725, 539, 1508, 1910, 604, 1321, 437, 51, 1944, 1665, 1680, 1393, 11, 960, 2151, 779, 655, 1029, 924, 2278, 1907, 942, 1723, 111, 7, 262, 1318, 1596, 1594, 1931, 1797, 386, 471, 2090, 774, 469, 53, 438, 1593, 304, 2409, 774, 413, 1543, 1447, 1761, 214, 1363, 1426, 1717, 1031, 1676, 1306, 1319, 1105, 1569, 1809, 1796, 674, 926, 2135, 530, 1880, 932, 2032, 1482, 2241, 1189, 1371, 1666, 295, 1056, 1157, 1447, 1810, 362, 2039, 666, 2360, 596, 1244, 1077, 628, 1681, 1023, 997, 226, 590, 1913, 2129, 670, 2059, 1338, 1715, 2378, 1775, 462, 2135, 1585, 58, 303, 2084, 2136, 1948, 2168, 990, 2031, 1673, 1620, 841, 1020, 1153, 91, 2446, 1137, 344, 1435, 2008, 618, 376, 934, ]
Timings: 0.00679492 sec for 400 points
End Sampling test DiameterOOBBTest-PointClouds-Nr8


Start diameterOOBB test DiameterOOBBTest-PointClouds-Nr9
p1: -0.996925   3.93027  -1.72347
p2: 5.29089 0.24093 3.13377
 l: 8.76017
estimated 3d diameter: -6.28782  3.68934 -4.85724 eps: 0.1
p1: -0.950503   3.06252
p2: 2.11309 -3.8848
 l: 7.59282
Timings: 0.0732128 sec for 2501 points
End diameterOOBB test DiameterOOBBTest-PointClouds-Nr9
All points in OOBB!
Compare Corners: valid:
 0.297564  -2.55358  -1.00972  -3.86086   6.58924    3.7381   5.28196   2.43082
 -4.11895   2.52581  -2.91623   3.72853 -0.781767     5.863  0.420952   7.06572
 0.284593  -3.14887   3.69777  0.264305   1.51843  -1.91504    4.9316   1.49814
and:
 0.297564  -2.55358  -1.00972  -3.86086   6.58924    3.7381   5.28196   2.43082
 -4.11895   2.52581  -2.91623   3.72853 -0.781767     5.863  0.420952   7.06572
 0.284593  -3.14887   3.69777  0.264305   1.51843  -1.91504    4.9316   1.49814
/home/flw/master_thesis/automated_labeling/approxmvbb_implementation/approxmvbb_src/ApproxMVBB/additional/tests/files/validation/double/DiameterOOBBTest-PointClouds-Nr9-double-Out.txt
valid minP: 
-3.64737 -1.13613 -1.59413 and 
-3.64737 -1.13613 -1.59413
valid maxP: 
4.35705 2.71163  5.6339 and 
4.35705 2.71163  5.6339
valid R_IK: 
-0.356197 -0.339751  0.870456
 0.830138  0.312576  0.461701
-0.428947  0.887055  0.170701 and 
-0.356197 -0.339751  0.870456
 0.830138  0.312576  0.461701
-0.428947  0.887055  0.170701
Start Sampling test DiameterOOBBTest-PointClouds-Nr9
Sampled Points incides: [ 204, 
164, 174, 84, 173, 133, 134, 119, 114, 113, 224, 99, 39, 172, 4, 94, 1934, 132, 118, 764, 209, 1604, 59, 479, 98, 139, 74, 1933, 138, 1949, 169, 1954, 499, 208, 749, 79, 439, 178, 1932, 96, 634, 104, 183, 167, 1919, 2439, 1624, 206, 739, 207, 689, 78, 404, 193, 419, 29, 633, 49, 1944, 126, 1564, 
1699, 1918, 7, 2438, 1264, 205, 738, 76, 384, 77, 687, 192, 418, 28, 704, 1329, 2469, 125, 414, 40, 2437, 6, 2138, 2059, 75, 1277, 1263, 737, 2304, 679, 
27, 434, 967, 392, 1134, 659, 2474, 324, 1657, 334, 1983, 2418, 2056, 2419, 2047, 1288, 50, 459, 25, 709, 2303, 664, 2060, 657, 2473, 658, 1089, 359, 1318, 333, 
[...]
731, 1991, 730, 2349, 765, 124, 262, 1159, 330, 109, 246, 1528, 250, 1244, 231, 1243, 230, 1242, 215, 1241, 165, 944, 943, 1210, 996, 829, 369, 828, 139, 740, 2157, 826, 1544, 825, 963, 315, 1254, 260, 1264, 245, 1403, 176, 1401, 170, 1151, 155, 1485, 105, 998, 997, 1570, 1230, 794, 804, 304, 752, 1144, 776, 1134, 775, 1123, 445, 1094, 465, 1093, 200, 1534, 185, 1318, 97, 1619, 96, 1488, 95, 1486, 845, 999, 1231, 1571, 1213, 279, 559, 669, 778, 2272, 715, 1124, 435, 2188, 450, 1064, 305, 1644, 140, 1643, 125, 1112, 85, 1603, 110, 1602, 55, 1233, 840, 1223, 1572, 289, 674, 288, 39, 395, 1559, 520, 2189, 452, 893, 545, 1074, 90, 1114, 
75, 1634, 21, 1604, 60, 5, 50, 1234, 1224, 1574, 1573, 34, 314, 834, 485, 894, 505, 1694, 525, 1843, 546, 1778, 40, 1429, 30, 1, 10, 0, 644, 29, 
489, 28, 590, 774, 630, 1844, 528, 2263, 835, 1734, 280, 1779, 25, 1744, 632, 798, 760, 2494, 811, 1759, 799, 690, 684, 691, 2264, 679, 692, 1970, 1940, 1837, 2204, 544, 1924, 2356, 2322, 2165, 438, 1942, 2073, 668, 926, 1862, 948, 641, 147, 1716, 1623, 336, 725, 539, 1508, 1910, 604, 1321, 437, 51, 1944, 1665, 1680, 1393, 11, 960, 2151, 779, 655, 1029, 924, 2278, 1907, 942, 1723, 111, 7, 262, 1318, 1596, 1594, 1931, 1797, 386, 471, 2090, 774, 469, 53, 438, 1593, 304, 2409, 774, 413, 1543, 1447, 1761, 214, 1363, 1426, 1717, 1031, 1676, 1306, 1319, 1105, 1569, 1809, 1796, 674, 926, 2135, 530, 1880, 932, 2032, 1482, 2241, 1189, 1371, 1666, 295, 1056, 1157, 1447, 1810, 362, 2039, 666, 2360, 596, 1244, 1077, 628, 1681, 1023, 997, 226, 590, 1913, 2129, 670, 2059, 1338, 1715, 2378, 1775, 462, 2135, 1585, 58, 303, 2084, 2136, 1948, 2168, 990, 2031, 1673, 1620, 841, 1020, ]
gridSearch: new volume: 167.718
for dir: 6.73512 1.07407 2.11766
gridSearch: new volume: 167.115
for dir: 6.18636 3.12024 4.24182
gridSearch: new volume: 167.11
for dir: 3.90579 1.45577   5.256
gridSearch: new volume: 167.102
for dir: 0.0763303  -4.60137   4.45214
gridSearch: new volume: 167.097
for dir: 5.92879 2.23254 2.20573
gridSearch: new volume: 167.095
for dir:  2.31075 -1.22362  3.18797
gridSearch: new volume: 167.077
for dir: 5.30537 2.70896 1.58575
Timings: 10.8272 sec for 2501 points
End mvbbTest MVBBTest-PointClouds-Nr-5
Compare Corners: valid:
   6.4873   4.27966   2.02642 -0.181222   4.19178   1.98414   -0.2691  -2.47674
  1.20262  -2.40829    1.2555  -2.35541   5.43643   1.82552   5.48931    1.8784
  2.77711 -0.294082   5.92153   2.85034 -0.550668  -3.62186   2.59375 -0.477434
and:
   6.4873   4.27966   2.02642 -0.181222   4.19178   1.98414   -0.2691  -2.47674
  1.20262  -2.40829    1.2555  -2.35541   5.43643   1.82552   5.48931    1.8784
  2.77711 -0.294082   5.92153   2.85034 -0.550668  -3.62186   2.59375 -0.477434
/home/flw/master_thesis/automated_labeling/approxmvbb_implementation/approxmvbb_src/ApproxMVBB/additional/tests/files/validation/double/MVBBTest-PointClouds-Nr-5-double-Out.txt
valid minP: 
-5.20026 -3.69057 -3.25279 and 
-5.20026 -3.69057 -3.25279
valid maxP: 
0.028939  1.76742  2.60115 and 
0.028939  1.76742  2.60115
valid R_IK: 
 -0.422176  -0.817312  -0.392132
 -0.690528 0.00968801   0.723241
 -0.587315   0.576113  -0.568467 and 
 -0.422176  -0.817312  -0.392132
 -0.690528 0.00968801   0.723241
 -0.587315   0.576113  -0.568467


Start mvbbTest MVBBTest-PointClouds-Nr-6
p1:   4.45968 -0.818192    1.1336
p2: -1.66476  2.87956  1.12514
 l: 7.15417
estimated 3d diameter:    6.12443   -3.69775 0.00846113 eps: 0.1
p1: -1.19626 -3.46371
p2:   4.30695 -0.928618
 l: 6.05905
Sampled Points incides: [ 695, 
696, 2436, 2435, 697, 698, 699, 80, 550, 81, 700, 70, 690, 2485, 691, 2465, 2446, 2400, 2370, 34, 2295, 33, 2296, 2220, 2306, 29, 2221, 2222, 2223, 2224, 555, 
75, 1070, 1065, 65, 702, 55, 692, 66, 2360, 2270, 2447, 30, 2372, 25, 719, 27, 2468, 2031, 2232, 1958, 2308, 2084, 2309, 185, 0, 580, 1055, 180, 1066, 1050, 
681, 1005, 703, 510, 704, 480, 694, 440, 2448, 441, 714, 2041, 2449, 2053, 2479, 2032, 2469, 2033, 2234, 2034, 1, 1057, 557, 1445, 1015, 165, 1020, 176, 1068, 125, 
1073, 466, 708, 450, 1083, 496, 709, 497, 2318, 513, 2374, 59, 2329, 64, 2014, 285, 5, 590, 558, 280, 1385, 575, 1386, 155, 1350, 145, 1069, 425, 936, 468, 
1074, 121, 948, 785, 1084, 37, 2149, 498, 1927, 2043, 499, 1864, 6, 10, 1804, 3, 1825, 1806, 275, 1760, 135, 1346, 260, 1022, 426, 684, 109, 1448, 469, 1078, 123, 1237, 163, 1079, 38, 1928, 1994, 1094, 39, 1801, 11, 390, 18, 385, 1807, 240, 1809, 2284, 2290, 137, 1023, 95, 688, 427, 1637, 190, 1449, 124, 1459, 1119, 
1238, 164, 1239, 1104, 1929, 12, 15, 1437, 2474, 2490, 2365, 241, 1814, 230, 2301, 138, 1717, 200, 1024, 428, 689, 205, 1995, 273, 904, 44, 1454, 279, 1419, 249, 
1424, 13, 535, 2369, 2429, 2453, 243, 1757, 365, 1444, 330, 1719, 201, 2143, 211, 2079, 328, 2067, 259, 2289, 274, 1933, 1518, 1869, 14, 1797, 1439, 9, 1774, 2482, 244, 1754, 505, 1759, 331, 1694, 300, 2278, 405, 2279, 292, 2009, 1304, 1703, 1841, 614, 389, 1834, 589, 1798, 2484, 368, 1709, 492, 2493, 410, 2357, 301, 627, 407, 
1249, 293, 628, 403, 1888, 1843, 1704, 1799, 369, 608, 462, 2494, 414, 2433, 302, 1668, 434, 1633, 339, 2029, 404, 1889, 533, 539, 629, 464, 609, 359, 199, 2434, 303, 1669, 1634, 529, 1789, 534, 1970, 1940, 1837, 2204, 544, 1924, 2356, 2322, 2165, 438, 1942, 2073, 668, 926, 1862, 948, 641, 147, 1716, 1623, 336, 725, 539, 1508, 1910, 604, 1321, 437, 51, 1944, 1665, 1680, 1393, 11, 960, 2151, 779, 655, 1029, 924, 2278, 1907, 942, 1723, 111, 7, 262, 1318, 1596, 1594, 1931, 1797, 386, 471, 2090, 774, 469, 53, 438, 1593, 304, 2409, 774, 413, 1543, 1447, 1761, 214, 1363, 1426, 1717, 1031, 1676, 1306, 1319, 1105, 1569, 1809, 1796, 674, 926, 2135, 530, 1880, 932, 2032, 1482, 2241, 1189, 1371, 1666, 295, 1056, ]
gridSearch: new volume: 129.443
for dir: 2.08092 2.60465 -6.3155
gridSearch: new volume: 129.106
for dir:  2.64268  1.83075 -6.60792
gridSearch: new volume: 129.066
for dir:  3.20444  1.05686 -6.90033
gridSearch: new volume: 129
for dir: 0.802319  2.74676 -5.72814
gridSearch: new volume: 128.978
for dir:  2.17747  -2.3863 -6.60032
gridSearch: new volume: 128.978
for dir: -0.832313  -2.04782  -3.01889
gridSearch: new volume: 128.975
for dir:  1.57612 -1.60206 -2.99153
Timings: 10.778 sec for 2501 points
End mvbbTest MVBBTest-PointClouds-Nr-6
Compare Corners: valid:
  -2.02292   0.495434    1.73084     4.2492  -0.385176    2.13318    3.36859    5.88694
   3.45801   -1.99079    5.56757   0.118779    2.75911   -2.68969    4.86867  -0.580121
   1.01189  -0.849529 -0.0847293   -1.94615    5.27347    3.41205    4.17685    2.31543
and:
  0.495434   -2.02292    2.13318  -0.385176     4.2492    1.73084    5.88694    3.36859
  -1.99079    3.45801   -2.68969    2.75911   0.118779    5.56757  -0.580121    4.86867
 -0.849529    1.01189    3.41205    5.27347   -1.94615 -0.0847293    2.31543    4.17685
/home/flw/master_thesis/automated_labeling/approxmvbb_implementation/approxmvbb_src/ApproxMVBB/additional/tests/files/validation/double/MVBBTest-PointClouds-Nr-6-double-Out.txt
valid minP: 
 -4.10844 -0.316952 -0.306927 and 
 -2.17617 -0.306927 -0.316952
valid maxP: 
2.17617 4.12642  4.3117 and 
4.10844  4.3117 4.12642
valid R_IK: 
 0.400718    0.8448  0.354596
-0.867006  0.474766 -0.151322
-0.296187 -0.246799  0.922694 and 
-0.400718  0.354596    0.8448
 0.867006 -0.151322  0.474766
 0.296187  0.922694 -0.246799


Start mvbbTest MVBBTest-PointClouds-Nr-7
p1:    1.01273    3.92655 -0.0780533
p2:  1.70244 -1.52277   3.8765
 l: 6.76826
estimated 3d diameter: -0.689707   5.44932  -3.95456 eps: 0.1
p1: -0.304469  0.888915
p2: -5.28188 -1.35819
 l: 5.46115
Sampled Points incides: [ 659, 
544, 319, 529, 559, 49, 829, 658, 179, 2248, 2259, 1549, 1548, 1699, 1545, 1203, 789, 907, 1929, 48, 1927, 673, 828, 512, 2247, 614, 804, 613, 2359, 2043, 1884, 2041, 764, 2040, 1885, 2140, 1551, 24, 1207, 259, 1205, 1400, 866, 746, 574, 47, 1946, 499, 2079, 511, 2066, 385, 2099, 612, 402, 403, 404, 339, 1963, 2244, 1563, 343, 763, 67, 1213, 23, 1211, 22, 872, 21, 1968, 518, 2489, 45, 2189, 596, 2176, 481, 2356, 400, 2098, 610, 465, 1894, 359, 1892, 358, 1896, 99, 1729, 398, 
2409, 151, 1218, 280, 878, 50, 2469, 20, 1977, 266, 2187, 265, 2186, 626, 2175, 625, 2097, 604, 603, 1984, 239, 1904, 478, 1903, 263, 1227, 284, 2408, 600, 2298, 236, 1094, 586, 2468, 235, 1985, 585, 2107, 717, 2196, 670, 2095, 334, 333, 1994, 429, 2009, 479, 1908, 264, 2008, 624, 2007, 270, 940, 690, 2407, 705, 2307, 185, 
2467, 305, 2106, 571, 2455, 555, 2205, 254, 2003, 253, 1911, 304, 1630, 669, 1288, 647, 1049, 272, 1048, 1133, 2006, 720, 2005, 216, 2406, 326, 2405, 315, 2105, 716, 
700, 314, 464, 1919, 313, 1584, 649, 1689, 274, 1687, 744, 949, 1134, 947, 760, 1046, 730, 2116, 225, 2115, 325, 2316, 850, 2485, 715, 570, 904, 2022, 2414, 2021, 584, 1589, 738, 1292, 741, 896, 1521, 2017, 1541, 2016, 951, 1150, 1004, 2315, 1694, 2024, 2224, 1243, 1794, 1242, 609, 1294, 739, 1246, 1835, 1245, 1543, 1544, 1051, 900, 1050, 1003, 2015, 1001, 1002, 1000, 2215, 1349, 1244, 1348, 1839, 2033, 1838, 1590, 1837, 1690, 1397, 1743, 1396, 1345, 1395, 2219, 2218, 2217, 2234, 1594, 1593, 1934, 1930, 1933, 1970, 1940, 1837, 2204, 544, 1924, 2356, 2322, 2165, 438, 1942, 2073, 668, 926, 1862, 948, 641, 147, 1716, 1623, 336, 725, 539, 1508, 1910, 604, 1321, 437, 51, 1944, 1665, 1680, 1393, 11, 960, 2151, 779, 655, 1029, 924, 2278, 1907, 942, 1723, 111, 7, 262, 1318, 1596, 1594, 1931, 1797, 386, 471, 2090, 774, 469, 53, 438, 1593, 304, 2409, 774, 413, 1543, 1447, 1761, 214, 1363, 1426, 1717, 1031, 1676, 1306, 1319, 1105, 1569, 1809, 1796, 674, 926, 2135, 530, 1880, 932, 2032, 1482, 2241, 1189, 1371, 1666, 295, 1056, 1157, 1447, 1810, 362, 2039, 666, 2360, 596, 1244, 1077, 628, 1681, 1023, 997, 226, 590, 1913, 2129, 670, 2059, 1338, 1715, 2378, 1775, 462, 2135, 1585, 58, 303, 2084, 2136, 1948, 2168, 990, 2031, 1673, ]
gridSearch: new volume: 138.581
for dir: -5.93314  3.97246 0.132059
gridSearch: new volume: 128.437
for dir: -5.86585  2.56082   0.1844
gridSearch: new volume: 128.331
for dir:  -5.51473    1.8467 -0.421205
gridSearch: new volume: 128.328
for dir: -4.81249 0.418477 -1.63242
gridSearch: new volume: 128.321
for dir: -2.77306 -2.45456 -5.31839
gridSearch: new volume: 128.32
for dir:   5.85158 0.0944599  -4.97494
Timings: 10.7534 sec for 2501 points
End mvbbTest MVBBTest-PointClouds-Nr-7
Compare Corners: valid:
 -1.12458   2.52301  0.177936   3.82553  -3.42187  0.225723  -2.11936   1.52824
 -2.12219  -1.86365    3.4607   3.71924 0.0978988  0.356444   5.68079   5.93934
  1.30337   3.57109  -1.42822  0.839494   4.74542   7.01314   2.01383   4.28154
and:
 -1.12458   2.52301  0.177936   3.82553  -3.42187  0.225723  -2.11936   1.52824
 -2.12219  -1.86365    3.4607   3.71924 0.0978988  0.356444   5.68079   5.93934
  1.30337   3.57109  -1.42822  0.839494   4.74542   7.01314   2.01383   4.28154
/home/flw/master_thesis/automated_labeling/approxmvbb_implementation/approxmvbb_src/ApproxMVBB/additional/tests/files/validation/double/MVBBTest-PointClouds-Nr-7-double-Out.txt
valid minP: 
-0.393932  -2.65703  0.502172 and 
-0.393932  -2.65703  0.502172
valid maxP: 
 3.9089 3.69331 5.19835 and 
 3.9089 3.69331 5.19835
valid R_IK: 
  0.84772   0.20511 -0.489184
0.0600872  0.879148  0.472745
 0.527029 -0.430149  0.732947 and 
  0.84772   0.20511 -0.489184
0.0600872  0.879148  0.472745
 0.527029 -0.430149  0.732947


Start mvbbTest MVBBTest-PointClouds-Nr-8
p1:  1.94579  2.93031 -1.24655
p2: 0.815785 -1.08258  4.16087
 l: 6.82791
estimated 3d diameter:     1.13  4.01289 -5.40742 eps: 0.1
p1:  -5.19372 -0.284672
p2:   0.25801 -0.078713
 l: 5.45562
Sampled Points incides: [ 24, 
34, 429, 269, 294, 324, 1824, 2349, 33, 268, 394, 339, 293, 323, 1823, 1822, 1904, 23, 1843, 144, 413, 2069, 433, 1804, 419, 2484, 292, 1809, 422, 474, 424, 
404, 1810, 1814, 1819, 1929, 1821, 2079, 1829, 2174, 1902, 2339, 1912, 32, 444, 143, 412, 2439, 431, 199, 417, 88, 356, 89, 450, 484, 403, 1851, 1854, 1815, 1524, 1464, 2075, 1828, 2245, 1833, 2338, 1837, 53, 1517, 79, 443, 149, 353, 164, 242, 68, 290, 69, 312, 321, 314, 1447, 1449, 1450, 1522, 1461, 1599, 1466, 1299, 1505, 
115, 1470, 52, 1121, 99, 224, 65, 426, 66, 240, 1769, 310, 344, 311, 320, 1052, 674, 638, 1127, 1062, 1598, 744, 1297, 743, 1342, 1079, 95, 1120, 46, 442, 
84, 235, 1439, 236, 1429, 459, 624, 1050, 673, 636, 619, 1060, 1206, 652, 1253, 742, 154, 664, 38, 706, 30, 441, 83, 234, 1428, 259, 341, 458, 631, 633, 635, 756, 1859, 536, 1878, 886, 704, 567, 745, 35, 2144, 20, 220, 1430, 233, 1440, 258, 457, 630, 623, 1845, 574, 1857, 944, 1875, 551, 2314, 565, 1906, 16, 2141, 81, 232, 1011, 440, 485, 257, 256, 456, 2254, 508, 1991, 2159, 1964, 520, 1899, 583, 1898, 41, 1905, 151, 2140, 80, 230, 1010, 226, 1045, 255, 455, 2094, 
2093, 2253, 499, 1954, 498, 1960, 555, 2040, 576, 2324, 40, 2322, 150, 2320, 2460, 225, 2092, 2444, 2189, 1950, 497, 2030, 571, 2441, 575, 2050, 605, 2062, 610, 2400, 
2485, 625, 2250, 2414, 2340, 1982, 496, 1981, 495, 1980, 2060, 2061, 1970, 1940, 1837, 2204, 544, 1924, 2356, 2322, 2165, 438, 1942, 2073, 668, 926, 1862, 948, 641, 147, 1716, 1623, 336, 725, 539, 1508, 1910, 604, 1321, 437, 51, 1944, 1665, 1680, 1393, 11, 960, 2151, 779, 655, 1029, 924, 2278, 1907, 942, 1723, 111, 7, 262, 1318, 1596, 1594, 1931, 1797, 386, 471, 2090, 774, 469, 53, 438, 1593, 304, 2409, 774, 413, 1543, 1447, 1761, 214, 1363, 1426, 1717, 1031, 1676, 1306, 1319, 1105, 1569, 1809, 1796, 674, 926, 2135, 530, 1880, 932, 2032, 1482, 2241, 1189, 1371, 1666, 295, 1056, 1157, 1447, 1810, 362, 2039, 666, 2360, 596, 1244, 1077, 628, 1681, 1023, 997, 226, 590, 1913, 2129, 670, 2059, 1338, 1715, 2378, 1775, 462, 2135, 1585, 58, 303, 2084, 2136, 1948, 2168, 990, 2031, 1673, 1620, 841, 1020, 1153, 91, 2446, 1137, 344, 1435, 2008, 618, 376, 934, 1318, 1616, 2366, 1536, 2076, ]
gridSearch: new volume: 126.726
for dir:  -6.39016   3.06455 -0.880007
gridSearch: new volume: 126.652
for dir: -7.38326  2.05111 0.529492
gridSearch: new volume: 125.957
for dir:  -5.62942   3.20146 -0.245559
gridSearch: new volume: 124.724
for dir: -7.61563  1.17459  2.57344
gridSearch: new volume: 124.685
for dir: -5.67616 0.597252  3.52484
gridSearch: new volume: 124.683
for dir:  -3.8471 -0.09165  1.48035
Timings: 11.0461 sec for 2501 points
End mvbbTest MVBBTest-PointClouds-Nr-8
Compare Corners: valid:
 -0.114849   -1.83793  -0.647998   -2.37108    4.10788    2.38479    3.57473    1.85164
 -0.547969   -2.24059    4.62773    2.93511  -0.668052   -2.36067    4.50764    2.81502
   5.98925    1.59536    4.20454  -0.189348    4.37954 -0.0143427    2.59483   -1.79905
and:
 -0.114849   -1.83793  -0.647998   -2.37108    4.10788    2.38479    3.57473    1.85164
 -0.547969   -2.24059    4.62773    2.93511  -0.668052   -2.36067    4.50764    2.81502
   5.98925    1.59536    4.20454  -0.189348    4.37954 -0.0143427    2.59483   -1.79905
/home/flw/master_thesis/automated_labeling/approxmvbb_implementation/approxmvbb_src/ApproxMVBB/additional/tests/files/validation/double/MVBBTest-PointClouds-Nr-8-double-Out.txt
valid minP: 
-5.02407  -2.4477 -2.22533 and 
-5.02407  -2.4477 -2.22533
valid maxP: 
-0.0100653    3.05296     2.2954 and 
-0.0100653    3.05296     2.2954
valid R_IK: 
 -0.343654 -0.0969246   0.934081
 -0.337578   0.940923 -0.0265627
 -0.876323  -0.324454  -0.356072 and 
 -0.343654 -0.0969246   0.934081
 -0.337578   0.940923 -0.0265627
 -0.876323  -0.324454  -0.356072


Start mvbbTest MVBBTest-PointClouds-Nr-9
p1: -0.996925   3.93027  -1.72347
p2: 5.29089 0.24093 3.13377
 l: 8.76017
estimated 3d diameter: -6.28782  3.68934 -4.85724 eps: 0.1
p1: -0.950503   3.06252
p2: 2.11309 -3.8848
 l: 7.59282
Sampled Points incides: [ 204, 
164, 174, 84, 173, 133, 134, 119, 114, 113, 224, 99, 39, 172, 4, 94, 1934, 132, 118, 764, 209, 1604, 59, 479, 98, 139, 74, 1933, 138, 1949, 169, 1954, 499, 208, 749, 79, 439, 178, 1932, 96, 634, 104, 183, 167, 1919, 2439, 1624, 206, 739, 207, 689, 78, 404, 193, 419, 29, 633, 49, 1944, 126, 1564, 
1699, 1918, 7, 2438, 1264, 205, 738, 76, 384, 77, 687, 192, 418, 28, 704, 1329, 2469, 125, 414, 40, 2437, 6, 2138, 2059, 75, 1277, 1263, 737, 2304, 679, 
27, 434, 967, 392, 1134, 659, 2474, 324, 1657, 334, 1983, 2418, 2056, 2419, 2047, 1288, 50, 459, 25, 709, 2303, 664, 2060, 657, 2473, 658, 1089, 359, 1318, 333, 
1653, 534, 1980, 2268, 2045, 2029, 2027, 1969, 896, 2452, 1285, 2450, 274, 2444, 309, 2300, 663, 2294, 429, 2124, 449, 960, 299, 1315, 269, 1312, 509, 1685, 314, 1972, 2323, 1967, 2324, 1968, 713, 714, 925, 2484, 430, 2210, 259, 2212, 270, 2214, 293, 998, 297, 2264, 360, 951, 540, 1305, 279, 944, 1828, 1640, 2235, 1638, 2159, 1632, 2077, 1999, 464, 2224, 461, 915, 665, 2434, 666, 2200, 303, 919, 291, 1113, 282, 1114, 231, 945, 1506, 940, 1463, 1993, 1746, 938, 1748, 1630, 1995, 1629, 698, 699, 695, 888, 582, 2284, 300, 2414, 240, 2104, 280, 2171, 827, 2174, 828, 2234, 1096, 1991, 974, 930, 1292, 1290, 650, 889, 652, 866, 835, 859, 837, 2348, 806, 2250, 809, 794, 796, 789, 784, 799, 868, 869, 867, 841, 844, 839, 2349, 2254, 2252, 817, 818, 819, 1970, 1940, 1837, 2204, 544, 1924, 2356, 2322, 2165, 438, 1942, 2073, 668, 926, 1862, 948, 641, 147, 1716, 1623, 336, 725, 539, 1508, 1910, 604, 1321, 437, 51, 1944, 1665, 1680, 1393, 11, 960, 2151, 779, 655, 1029, 924, 2278, 1907, 942, 1723, 111, 7, 262, 1318, 1596, 1594, 1931, 1797, 386, 471, 2090, 774, 469, 53, 438, 1593, 304, 2409, 774, 413, 1543, 1447, 1761, 214, 1363, 1426, 1717, 1031, 1676, 1306, 1319, 1105, 1569, 1809, 1796, 674, 926, 2135, 530, 1880, 932, 2032, 1482, 2241, 1189, 1371, 1666, 295, 1056, 1157, 1447, 1810, 362, 2039, 666, 2360, 596, 1244, 1077, 628, 1681, 1023, 997, 226, 590, 1913, 2129, 670, 2059, 1338, 1715, 2378, 1775, 462, 2135, 1585, 58, 303, 2084, 2136, 1948, 2168, 990, 2031, 1673, 1620, 841, 1020, 1153, 91, 2446, 1137, 344, 1435, 2008, 618, 376, ]
gridSearch: new volume: 208.495
for dir: -3.00972 -3.04125 -5.71773
gridSearch: new volume: 208.291
for dir: -3.36592 -2.21111 -6.14667
gridSearch: new volume: 208.242
for dir: -3.72212 -1.38097 -6.57562
gridSearch: new volume: 208.189
for dir: 0.788225  3.04951 -6.40931
gridSearch: new volume: 208.169
for dir:  -2.30451 -0.662555  -4.03116
gridSearch: new volume: 208.167
for dir: -4.92306  1.99131 -3.71459
Timings: 10.8002 sec for 2501 points
End mvbbTest MVBBTest-PointClouds-Nr-9
Compare Corners: valid:
 0.868029   6.46903  -1.78192   3.81908  -1.01931   4.58169  -3.66926   1.93174
 -4.19949 -0.590307   2.27521    5.8844   -3.1539  0.455283    3.3208   6.92998
-0.128379   2.09047   -3.9709  -1.75205   2.93504   5.15389 -0.907488   1.31137
and:
 0.868029   6.46903  -1.78192   3.81908  -1.01931   4.58169  -3.66926   1.93174
 -4.19949 -0.590307   2.27521    5.8844   -3.1539  0.455283    3.3208   6.92998
-0.128379   2.09047   -3.9709  -1.75205   2.93504   5.15389 -0.907488   1.31137
/home/flw/master_thesis/automated_labeling/approxmvbb_implementation/approxmvbb_src/ApproxMVBB/additional/tests/files/validation/double/MVBBTest-PointClouds-Nr-9-double-Out.txt
valid minP: 
-1.50647 -3.63294 -1.71405 and 
-1.50647 -3.63294 -1.71405
valid maxP: 
 5.5164 4.34885 2.03293 and 
 5.5164 4.34885 2.03293
valid R_IK: 
 0.797537    -0.332 -0.503697
 0.513918  0.811184  0.279049
 0.315947 -0.481411   0.81757 and 
 0.797537    -0.332 -0.503697
 0.513918  0.811184  0.279049
 0.315947 -0.481411   0.81757
[       OK ] MVBBTest.PointClouds (108732 ms)
[----------] 12 tests from MVBBTest (174178 ms total)

[----------] Global test environment tear-down
[==========] 12 tests from 1 test suite ran. (174178 ms total)
[  PASSED  ] 12 tests.
<end of output>
Test time = 174.18 sec
----------------------------------------------------------
Test Passed.
"ApproxMVBBTest-MVBB" end time: Apr 08 18:37 CEST
"ApproxMVBBTest-MVBB" time elapsed: 00:02:54
----------------------------------------------------------

End testing: Apr 08 18:37 CEST
